2019-10-26 20:25:48,136 - root - INFO - ==========开始 XX项目 执行测试===========
2019-10-26 20:25:57,318 - root - INFO - ==========开始执行测试用例集===========
2019-10-26 20:25:57,318 - root - INFO - ----------------------------------------------------------------------------------<selenium.webdriver.chrome.webdriver.WebDriver (session="84d4ebb6cf50bfddb3ac062fe556ca48")>
2019-10-26 20:25:58,509 - root - INFO -  执行 test_login_usernameFormat_error 测试用例 
2019-10-26 20:25:58,509 - root - INFO -  异常测试用例：登录功能-异常测试-用户名为空 
2019-10-26 20:25:58,509 - root - INFO - 查找元素 ('xpath', '//*[@id="app"]/div/form/div[1]/div/div/input')
2019-10-26 20:25:58,531 - root - INFO - 等待元素 ('xpath', '//*[@id="app"]/div/form/div[1]/div/div/input') 可见，共耗时0s 
2019-10-26 20:25:58,537 - root - INFO - 登录页面_登录功能_查找元素失败 输入元素 ('xpath', '//*[@id="app"]/div/form/div[1]/div/div/input')
2019-10-26 20:25:58,554 - root - INFO - 等待元素 ('xpath', '//*[@id="app"]/div/form/div[1]/div/div/input') 可见，共耗时0s 
2019-10-26 20:25:58,554 - root - INFO - 查找元素 ('xpath', '//*[@id="app"]/div/form/div[1]/div/div/input')
2019-10-26 20:25:58,566 - root - INFO - 等待元素 ('xpath', '//*[@id="app"]/div/form/div[1]/div/div/input') 可见，共耗时0s 
2019-10-26 20:25:58,596 - root - INFO - 查找元素 ('xpath', '//*[@id="app"]/div/form/div[2]/div/div/input')
2019-10-26 20:25:58,612 - root - INFO - 等待元素 ('xpath', '//*[@id="app"]/div/form/div[2]/div/div/input') 可见，共耗时0s 
2019-10-26 20:25:58,618 - root - INFO - 登录页面_登录功能_查找元素失败 输入元素 ('xpath', '//*[@id="app"]/div/form/div[2]/div/div/input')
2019-10-26 20:25:58,630 - root - INFO - 等待元素 ('xpath', '//*[@id="app"]/div/form/div[2]/div/div/input') 可见，共耗时0s 
2019-10-26 20:25:58,631 - root - INFO - 查找元素 ('xpath', '//*[@id="app"]/div/form/div[2]/div/div/input')
2019-10-26 20:25:58,642 - root - INFO - 等待元素 ('xpath', '//*[@id="app"]/div/form/div[2]/div/div/input') 可见，共耗时0s 
2019-10-26 20:25:58,693 - root - INFO - 查找元素 ('xpath', '//*[@type="button"]')
2019-10-26 20:25:58,708 - root - INFO - 等待元素 ('xpath', '//*[@type="button"]') 可见，共耗时0s 
2019-10-26 20:25:58,713 - root - INFO - 登录页面_登录功能_查找元素失败 点击元素 ('xpath', '//*[@type="button"]')
2019-10-26 20:25:58,725 - root - INFO - 等待元素 ('xpath', '//*[@type="button"]') 可见，共耗时0s 
2019-10-26 20:25:58,725 - root - INFO - 查找元素 ('xpath', '//*[@type="button"]')
2019-10-26 20:25:58,736 - root - INFO - 等待元素 ('xpath', '//*[@type="button"]') 可见，共耗时0s 
2019-10-26 20:25:58,778 - root - INFO - 期望值：参数错误
2019-10-26 20:25:58,779 - root - INFO - 查找元素 ('class name', 'el-message__content')
2019-10-26 20:25:59,312 - root - INFO - 等待元素 ('class name', 'el-message__content') 可见，共耗时0s 
2019-10-26 20:25:59,316 - root - INFO - 登录页面_登录功能错误信息_查找元素失败 获取元素 ('class name', 'el-message__content')
2019-10-26 20:25:59,328 - root - INFO - 等待元素 ('class name', 'el-message__content') 可见，共耗时0s 
2019-10-26 20:25:59,328 - root - INFO - 查找元素 ('class name', 'el-message__content')
2019-10-26 20:25:59,339 - root - INFO - 等待元素 ('class name', 'el-message__content') 可见，共耗时0s 
2019-10-26 20:25:59,355 - root - INFO - 实际值：参数错误
2019-10-26 20:25:59,355 - root - INFO - 查找元素 ('class name', 'el-message__content')
2019-10-26 20:25:59,367 - root - INFO - 等待元素 ('class name', 'el-message__content') 可见，共耗时0s 
2019-10-26 20:25:59,371 - root - INFO - 登录页面_登录功能错误信息_查找元素失败 获取元素 ('class name', 'el-message__content')
2019-10-26 20:25:59,382 - root - INFO - 等待元素 ('class name', 'el-message__content') 可见，共耗时0s 
2019-10-26 20:25:59,382 - root - INFO - 查找元素 ('class name', 'el-message__content')
2019-10-26 20:25:59,394 - root - INFO - 等待元素 ('class name', 'el-message__content') 可见，共耗时0s 
2019-10-26 20:25:59,406 - root - INFO -  结束执行 test_login_usernameFormat_error 测试用例， 测试结果 --- PASS 
2019-10-26 20:26:00,142 - root - INFO - 截图成功，图片路径为: C:\Users\lucas\PycharmProjects\python_web_framework\OutPuts\image\登录功能-异常测试-用户名为空-正常截图_2019-10-26_20_25_59.png
2019-10-26 20:26:03,519 - root - INFO -  执行 test_login_usernameFormat_error 测试用例 
2019-10-26 20:26:03,522 - root - INFO -  异常测试用例：登录功能-异常测试-用户名不存在 
2019-10-26 20:26:03,522 - root - INFO - 查找元素 ('xpath', '//*[@id="app"]/div/form/div[1]/div/div/input')
2019-10-26 20:26:03,554 - root - INFO - 等待元素 ('xpath', '//*[@id="app"]/div/form/div[1]/div/div/input') 可见，共耗时0s 
2019-10-26 20:26:03,558 - root - INFO - 登录页面_登录功能_查找元素失败 输入元素 ('xpath', '//*[@id="app"]/div/form/div[1]/div/div/input')
2019-10-26 20:26:03,569 - root - INFO - 等待元素 ('xpath', '//*[@id="app"]/div/form/div[1]/div/div/input') 可见，共耗时0s 
2019-10-26 20:26:03,569 - root - INFO - 查找元素 ('xpath', '//*[@id="app"]/div/form/div[1]/div/div/input')
2019-10-26 20:26:03,581 - root - INFO - 等待元素 ('xpath', '//*[@id="app"]/div/form/div[1]/div/div/input') 可见，共耗时0s 
2019-10-26 20:26:03,627 - root - INFO - 查找元素 ('xpath', '//*[@id="app"]/div/form/div[2]/div/div/input')
2019-10-26 20:26:03,640 - root - INFO - 等待元素 ('xpath', '//*[@id="app"]/div/form/div[2]/div/div/input') 可见，共耗时0s 
2019-10-26 20:26:03,646 - root - INFO - 登录页面_登录功能_查找元素失败 输入元素 ('xpath', '//*[@id="app"]/div/form/div[2]/div/div/input')
2019-10-26 20:26:03,658 - root - INFO - 等待元素 ('xpath', '//*[@id="app"]/div/form/div[2]/div/div/input') 可见，共耗时0s 
2019-10-26 20:26:03,659 - root - INFO - 查找元素 ('xpath', '//*[@id="app"]/div/form/div[2]/div/div/input')
2019-10-26 20:26:03,670 - root - INFO - 等待元素 ('xpath', '//*[@id="app"]/div/form/div[2]/div/div/input') 可见，共耗时0s 
2019-10-26 20:26:03,717 - root - INFO - 查找元素 ('xpath', '//*[@type="button"]')
2019-10-26 20:26:03,730 - root - INFO - 等待元素 ('xpath', '//*[@type="button"]') 可见，共耗时0s 
2019-10-26 20:26:03,736 - root - INFO - 登录页面_登录功能_查找元素失败 点击元素 ('xpath', '//*[@type="button"]')
2019-10-26 20:26:03,748 - root - INFO - 等待元素 ('xpath', '//*[@type="button"]') 可见，共耗时0s 
2019-10-26 20:26:03,748 - root - INFO - 查找元素 ('xpath', '//*[@type="button"]')
2019-10-26 20:26:03,760 - root - INFO - 等待元素 ('xpath', '//*[@type="button"]') 可见，共耗时0s 
2019-10-26 20:26:03,795 - root - INFO - 期望值：用户名不存在
2019-10-26 20:26:03,795 - root - INFO - 查找元素 ('class name', 'el-message__content')
2019-10-26 20:26:04,325 - root - INFO - 等待元素 ('class name', 'el-message__content') 可见，共耗时0s 
2019-10-26 20:26:04,329 - root - INFO - 登录页面_登录功能错误信息_查找元素失败 获取元素 ('class name', 'el-message__content')
2019-10-26 20:26:04,340 - root - INFO - 等待元素 ('class name', 'el-message__content') 可见，共耗时0s 
2019-10-26 20:26:04,340 - root - INFO - 查找元素 ('class name', 'el-message__content')
2019-10-26 20:26:04,352 - root - INFO - 等待元素 ('class name', 'el-message__content') 可见，共耗时0s 
2019-10-26 20:26:04,368 - root - INFO - 实际值：用户名不存在
2019-10-26 20:26:04,368 - root - INFO - 查找元素 ('class name', 'el-message__content')
2019-10-26 20:26:04,379 - root - INFO - 等待元素 ('class name', 'el-message__content') 可见，共耗时0s 
2019-10-26 20:26:04,383 - root - INFO - 登录页面_登录功能错误信息_查找元素失败 获取元素 ('class name', 'el-message__content')
2019-10-26 20:26:04,395 - root - INFO - 等待元素 ('class name', 'el-message__content') 可见，共耗时0s 
2019-10-26 20:26:04,399 - root - INFO - 查找元素 ('class name', 'el-message__content')
2019-10-26 20:26:04,407 - root - INFO - 等待元素 ('class name', 'el-message__content') 可见，共耗时0s 
2019-10-26 20:26:04,418 - root - INFO -  结束执行 test_login_usernameFormat_error 测试用例， 测试结果 --- PASS 
2019-10-26 20:26:05,163 - root - INFO - 截图成功，图片路径为: C:\Users\lucas\PycharmProjects\python_web_framework\OutPuts\image\登录功能-异常测试-用户名不存在-正常截图_2019-10-26_20_26_04.png
2019-10-26 20:26:08,182 - root - INFO -  执行 test_login_passwordFormat_error 测试用例 
2019-10-26 20:26:08,182 - root - INFO -  异常测试用例：登录功能-异常测试-密码为空 
2019-10-26 20:26:08,182 - root - INFO - 查找元素 ('xpath', '//*[@id="app"]/div/form/div[1]/div/div/input')
2019-10-26 20:26:08,198 - root - INFO - 等待元素 ('xpath', '//*[@id="app"]/div/form/div[1]/div/div/input') 可见，共耗时0s 
2019-10-26 20:26:08,206 - root - INFO - 登录页面_登录功能_查找元素失败 输入元素 ('xpath', '//*[@id="app"]/div/form/div[1]/div/div/input')
2019-10-26 20:26:08,217 - root - INFO - 等待元素 ('xpath', '//*[@id="app"]/div/form/div[1]/div/div/input') 可见，共耗时0s 
2019-10-26 20:26:08,217 - root - INFO - 查找元素 ('xpath', '//*[@id="app"]/div/form/div[1]/div/div/input')
2019-10-26 20:26:08,229 - root - INFO - 等待元素 ('xpath', '//*[@id="app"]/div/form/div[1]/div/div/input') 可见，共耗时0s 
2019-10-26 20:26:08,277 - root - INFO - 查找元素 ('xpath', '//*[@id="app"]/div/form/div[2]/div/div/input')
2019-10-26 20:26:08,290 - root - INFO - 等待元素 ('xpath', '//*[@id="app"]/div/form/div[2]/div/div/input') 可见，共耗时0s 
2019-10-26 20:26:08,296 - root - INFO - 登录页面_登录功能_查找元素失败 输入元素 ('xpath', '//*[@id="app"]/div/form/div[2]/div/div/input')
2019-10-26 20:26:08,309 - root - INFO - 等待元素 ('xpath', '//*[@id="app"]/div/form/div[2]/div/div/input') 可见，共耗时0s 
2019-10-26 20:26:08,309 - root - INFO - 查找元素 ('xpath', '//*[@id="app"]/div/form/div[2]/div/div/input')
2019-10-26 20:26:08,321 - root - INFO - 等待元素 ('xpath', '//*[@id="app"]/div/form/div[2]/div/div/input') 可见，共耗时0s 
2019-10-26 20:26:08,352 - root - INFO - 查找元素 ('xpath', '//*[@type="button"]')
2019-10-26 20:26:08,364 - root - INFO - 等待元素 ('xpath', '//*[@type="button"]') 可见，共耗时0s 
2019-10-26 20:26:08,370 - root - INFO - 登录页面_登录功能_查找元素失败 点击元素 ('xpath', '//*[@type="button"]')
2019-10-26 20:26:08,381 - root - INFO - 等待元素 ('xpath', '//*[@type="button"]') 可见，共耗时0s 
2019-10-26 20:26:08,382 - root - INFO - 查找元素 ('xpath', '//*[@type="button"]')
2019-10-26 20:26:08,394 - root - INFO - 等待元素 ('xpath', '//*[@type="button"]') 可见，共耗时0s 
2019-10-26 20:26:08,428 - root - INFO - 期望值：参数错误
2019-10-26 20:26:08,428 - root - INFO - 查找元素 ('class name', 'el-message__content')
2019-10-26 20:26:08,969 - root - INFO - 等待元素 ('class name', 'el-message__content') 可见，共耗时0s 
2019-10-26 20:26:08,972 - root - INFO - 登录页面_登录功能错误信息_查找元素失败 获取元素 ('class name', 'el-message__content')
2019-10-26 20:26:08,984 - root - INFO - 等待元素 ('class name', 'el-message__content') 可见，共耗时0s 
2019-10-26 20:26:08,984 - root - INFO - 查找元素 ('class name', 'el-message__content')
2019-10-26 20:26:08,996 - root - INFO - 等待元素 ('class name', 'el-message__content') 可见，共耗时0s 
2019-10-26 20:26:09,012 - root - INFO - 实际值：参数错误
2019-10-26 20:26:09,012 - root - INFO - 查找元素 ('class name', 'el-message__content')
2019-10-26 20:26:09,023 - root - INFO - 等待元素 ('class name', 'el-message__content') 可见，共耗时0s 
2019-10-26 20:26:09,027 - root - INFO - 登录页面_登录功能错误信息_查找元素失败 获取元素 ('class name', 'el-message__content')
2019-10-26 20:26:09,039 - root - INFO - 等待元素 ('class name', 'el-message__content') 可见，共耗时0s 
2019-10-26 20:26:09,039 - root - INFO - 查找元素 ('class name', 'el-message__content')
2019-10-26 20:26:09,051 - root - INFO - 等待元素 ('class name', 'el-message__content') 可见，共耗时0s 
2019-10-26 20:26:09,062 - root - INFO -  结束执行 test_login_passwordFormat_error 测试用例， 测试结果 --- PASS 
2019-10-26 20:26:09,780 - root - INFO - 截图成功，图片路径为: C:\Users\lucas\PycharmProjects\python_web_framework\OutPuts\image\登录功能-异常测试-密码为空-正常截图_2019-10-26_20_26_09.png
2019-10-26 20:26:12,908 - root - INFO -  执行 test_login_passwordFormat_error 测试用例 
2019-10-26 20:26:12,908 - root - INFO -  异常测试用例：登录功能-异常测试-密码错误 
2019-10-26 20:26:12,908 - root - INFO - 查找元素 ('xpath', '//*[@id="app"]/div/form/div[1]/div/div/input')
2019-10-26 20:26:12,924 - root - INFO - 等待元素 ('xpath', '//*[@id="app"]/div/form/div[1]/div/div/input') 可见，共耗时0s 
2019-10-26 20:26:12,928 - root - INFO - 登录页面_登录功能_查找元素失败 输入元素 ('xpath', '//*[@id="app"]/div/form/div[1]/div/div/input')
2019-10-26 20:26:12,943 - root - INFO - 等待元素 ('xpath', '//*[@id="app"]/div/form/div[1]/div/div/input') 可见，共耗时0s 
2019-10-26 20:26:12,943 - root - INFO - 查找元素 ('xpath', '//*[@id="app"]/div/form/div[1]/div/div/input')
2019-10-26 20:26:12,955 - root - INFO - 等待元素 ('xpath', '//*[@id="app"]/div/form/div[1]/div/div/input') 可见，共耗时0s 
2019-10-26 20:26:13,002 - root - INFO - 查找元素 ('xpath', '//*[@id="app"]/div/form/div[2]/div/div/input')
2019-10-26 20:26:13,015 - root - INFO - 等待元素 ('xpath', '//*[@id="app"]/div/form/div[2]/div/div/input') 可见，共耗时0s 
2019-10-26 20:26:13,020 - root - INFO - 登录页面_登录功能_查找元素失败 输入元素 ('xpath', '//*[@id="app"]/div/form/div[2]/div/div/input')
2019-10-26 20:26:13,032 - root - INFO - 等待元素 ('xpath', '//*[@id="app"]/div/form/div[2]/div/div/input') 可见，共耗时0s 
2019-10-26 20:26:13,032 - root - INFO - 查找元素 ('xpath', '//*[@id="app"]/div/form/div[2]/div/div/input')
2019-10-26 20:26:13,045 - root - INFO - 等待元素 ('xpath', '//*[@id="app"]/div/form/div[2]/div/div/input') 可见，共耗时0s 
2019-10-26 20:26:13,094 - root - INFO - 查找元素 ('xpath', '//*[@type="button"]')
2019-10-26 20:26:13,106 - root - INFO - 等待元素 ('xpath', '//*[@type="button"]') 可见，共耗时0s 
2019-10-26 20:26:13,111 - root - INFO - 登录页面_登录功能_查找元素失败 点击元素 ('xpath', '//*[@type="button"]')
2019-10-26 20:26:13,123 - root - INFO - 等待元素 ('xpath', '//*[@type="button"]') 可见，共耗时0s 
2019-10-26 20:26:13,124 - root - INFO - 查找元素 ('xpath', '//*[@type="button"]')
2019-10-26 20:26:13,134 - root - INFO - 等待元素 ('xpath', '//*[@type="button"]') 可见，共耗时0s 
2019-10-26 20:26:13,177 - root - INFO - 期望值：密码错误
2019-10-26 20:26:13,177 - root - INFO - 查找元素 ('class name', 'el-message__content')
2019-10-26 20:26:13,697 - root - INFO - 等待元素 ('class name', 'el-message__content') 可见，共耗时0s 
2019-10-26 20:26:13,703 - root - INFO - 登录页面_登录功能错误信息_查找元素失败 获取元素 ('class name', 'el-message__content')
2019-10-26 20:26:13,715 - root - INFO - 等待元素 ('class name', 'el-message__content') 可见，共耗时0s 
2019-10-26 20:26:13,715 - root - INFO - 查找元素 ('class name', 'el-message__content')
2019-10-26 20:26:13,727 - root - INFO - 等待元素 ('class name', 'el-message__content') 可见，共耗时0s 
2019-10-26 20:26:13,739 - root - INFO - 实际值：密码错误
2019-10-26 20:26:13,739 - root - INFO - 查找元素 ('class name', 'el-message__content')
2019-10-26 20:26:13,750 - root - INFO - 等待元素 ('class name', 'el-message__content') 可见，共耗时0s 
2019-10-26 20:26:13,754 - root - INFO - 登录页面_登录功能错误信息_查找元素失败 获取元素 ('class name', 'el-message__content')
2019-10-26 20:26:13,766 - root - INFO - 等待元素 ('class name', 'el-message__content') 可见，共耗时0s 
2019-10-26 20:26:13,766 - root - INFO - 查找元素 ('class name', 'el-message__content')
2019-10-26 20:26:13,778 - root - INFO - 等待元素 ('class name', 'el-message__content') 可见，共耗时0s 
2019-10-26 20:26:13,789 - root - INFO -  结束执行 test_login_passwordFormat_error 测试用例， 测试结果 --- PASS 
2019-10-26 20:26:14,544 - root - INFO - 截图成功，图片路径为: C:\Users\lucas\PycharmProjects\python_web_framework\OutPuts\image\登录功能-异常测试-密码错误-正常截图_2019-10-26_20_26_13.png
2019-10-26 20:26:17,667 - root - INFO -  执行 test_login_success 测试用例 
2019-10-26 20:26:17,670 - root - INFO -  正常登录测试用例 
2019-10-26 20:26:17,670 - root - INFO - 查找元素 ('xpath', '//*[@id="app"]/div/form/div[1]/div/div/input')
2019-10-26 20:26:17,682 - root - INFO - 等待元素 ('xpath', '//*[@id="app"]/div/form/div[1]/div/div/input') 可见，共耗时0s 
2019-10-26 20:26:17,690 - root - INFO - 登录页面_登录功能_查找元素失败 输入元素 ('xpath', '//*[@id="app"]/div/form/div[1]/div/div/input')
2019-10-26 20:26:17,702 - root - INFO - 等待元素 ('xpath', '//*[@id="app"]/div/form/div[1]/div/div/input') 可见，共耗时0s 
2019-10-26 20:26:17,702 - root - INFO - 查找元素 ('xpath', '//*[@id="app"]/div/form/div[1]/div/div/input')
2019-10-26 20:26:17,713 - root - INFO - 等待元素 ('xpath', '//*[@id="app"]/div/form/div[1]/div/div/input') 可见，共耗时0s 
2019-10-26 20:26:17,761 - root - INFO - 查找元素 ('xpath', '//*[@id="app"]/div/form/div[2]/div/div/input')
2019-10-26 20:26:17,773 - root - INFO - 等待元素 ('xpath', '//*[@id="app"]/div/form/div[2]/div/div/input') 可见，共耗时0s 
2019-10-26 20:26:17,779 - root - INFO - 登录页面_登录功能_查找元素失败 输入元素 ('xpath', '//*[@id="app"]/div/form/div[2]/div/div/input')
2019-10-26 20:26:17,790 - root - INFO - 等待元素 ('xpath', '//*[@id="app"]/div/form/div[2]/div/div/input') 可见，共耗时0s 
2019-10-26 20:26:17,791 - root - INFO - 查找元素 ('xpath', '//*[@id="app"]/div/form/div[2]/div/div/input')
2019-10-26 20:26:17,803 - root - INFO - 等待元素 ('xpath', '//*[@id="app"]/div/form/div[2]/div/div/input') 可见，共耗时0s 
2019-10-26 20:26:17,849 - root - INFO - 查找元素 ('xpath', '//*[@type="button"]')
2019-10-26 20:26:17,861 - root - INFO - 等待元素 ('xpath', '//*[@type="button"]') 可见，共耗时0s 
2019-10-26 20:26:17,866 - root - INFO - 登录页面_登录功能_查找元素失败 点击元素 ('xpath', '//*[@type="button"]')
2019-10-26 20:26:17,878 - root - INFO - 等待元素 ('xpath', '//*[@type="button"]') 可见，共耗时0s 
2019-10-26 20:26:17,878 - root - INFO - 查找元素 ('xpath', '//*[@type="button"]')
2019-10-26 20:26:17,890 - root - INFO - 等待元素 ('xpath', '//*[@type="button"]') 可见，共耗时0s 
2019-10-26 20:26:17,928 - root - INFO - 期望值：True
2019-10-26 20:26:18,451 - root - INFO - 实际值：True
2019-10-26 20:26:18,462 - root - INFO -  结束执行 test_login_success 测试用例， 测试结果 --- PASS 
2019-10-26 20:26:18,731 - root - INFO - 截图成功，图片路径为: C:\Users\lucas\PycharmProjects\python_web_framework\OutPuts\image\登录功能-正常测试-正常截图_2019-10-26_20_26_18.png
2019-10-26 20:26:21,851 - root - INFO - ==========结束执行测试用例集===========
2019-10-26 20:26:21,851 - root - INFO - ==========开始执行测试用例集===========
2019-10-26 20:26:21,851 - root - INFO - ----------------------------------------------------------------------------------<selenium.webdriver.chrome.webdriver.WebDriver (session="84d4ebb6cf50bfddb3ac062fe556ca48")>
2019-10-26 20:26:21,868 - root - INFO - 查找元素 ('xpath', '//*[@id="app"]/div/form/div[1]/div/div/input')
2019-10-26 20:26:21,884 - root - INFO - 等待元素 ('xpath', '//*[@id="app"]/div/form/div[1]/div/div/input') 可见，共耗时0s 
2019-10-26 20:26:21,890 - root - INFO - 登录页面_登录功能_查找元素失败 输入元素 ('xpath', '//*[@id="app"]/div/form/div[1]/div/div/input')
2019-10-26 20:26:21,902 - root - INFO - 等待元素 ('xpath', '//*[@id="app"]/div/form/div[1]/div/div/input') 可见，共耗时0s 
2019-10-26 20:26:21,902 - root - INFO - 查找元素 ('xpath', '//*[@id="app"]/div/form/div[1]/div/div/input')
2019-10-26 20:26:21,913 - root - INFO - 等待元素 ('xpath', '//*[@id="app"]/div/form/div[1]/div/div/input') 可见，共耗时0s 
2019-10-26 20:26:21,956 - root - INFO - 查找元素 ('xpath', '//*[@id="app"]/div/form/div[2]/div/div/input')
2019-10-26 20:26:21,968 - root - INFO - 等待元素 ('xpath', '//*[@id="app"]/div/form/div[2]/div/div/input') 可见，共耗时0s 
2019-10-26 20:26:21,974 - root - INFO - 登录页面_登录功能_查找元素失败 输入元素 ('xpath', '//*[@id="app"]/div/form/div[2]/div/div/input')
2019-10-26 20:26:21,986 - root - INFO - 等待元素 ('xpath', '//*[@id="app"]/div/form/div[2]/div/div/input') 可见，共耗时0s 
2019-10-26 20:26:21,986 - root - INFO - 查找元素 ('xpath', '//*[@id="app"]/div/form/div[2]/div/div/input')
2019-10-26 20:26:21,998 - root - INFO - 等待元素 ('xpath', '//*[@id="app"]/div/form/div[2]/div/div/input') 可见，共耗时0s 
2019-10-26 20:26:22,047 - root - INFO - 查找元素 ('xpath', '//*[@type="button"]')
2019-10-26 20:26:22,060 - root - INFO - 等待元素 ('xpath', '//*[@type="button"]') 可见，共耗时0s 
2019-10-26 20:26:22,065 - root - INFO - 登录页面_登录功能_查找元素失败 点击元素 ('xpath', '//*[@type="button"]')
2019-10-26 20:26:22,077 - root - INFO - 等待元素 ('xpath', '//*[@type="button"]') 可见，共耗时0s 
2019-10-26 20:26:22,077 - root - INFO - 查找元素 ('xpath', '//*[@type="button"]')
2019-10-26 20:26:22,088 - root - INFO - 等待元素 ('xpath', '//*[@type="button"]') 可见，共耗时0s 
2019-10-26 20:26:24,259 - root - INFO -  执行 test_add_user 测试用例 
2019-10-26 20:26:24,260 - root - INFO - 正常新增用户测试用例
2019-10-26 20:26:24,260 - root - INFO - 查找元素 ('xpath', '//span[text()="添加按钮"]')
2019-10-26 20:26:24,303 - root - INFO - 等待元素 ('xpath', '//span[text()="添加按钮"]') 可见，共耗时0s 
2019-10-26 20:26:24,309 - root - INFO - 用户列表页面_新增用户功能_查找元素失败 点击元素 ('xpath', '//span[text()="添加按钮"]')
2019-10-26 20:26:24,321 - root - INFO - 等待元素 ('xpath', '//span[text()="添加按钮"]') 可见，共耗时0s 
2019-10-26 20:26:24,322 - root - INFO - 查找元素 ('xpath', '//span[text()="添加按钮"]')
2019-10-26 20:26:24,335 - root - INFO - 等待元素 ('xpath', '//span[text()="添加按钮"]') 可见，共耗时0s 
2019-10-26 20:26:24,404 - root - INFO - 查找元素 ('xpath', '//div[@aria-label="添加用户"]/div[@class="el-dialog__body"]/form/div[1]//input')
2019-10-26 20:26:24,940 - root - INFO - 等待元素 ('xpath', '//div[@aria-label="添加用户"]/div[@class="el-dialog__body"]/form/div[1]//input') 可见，共耗时0s 
2019-10-26 20:26:24,944 - root - INFO - 用户列表页面_新增用户功能_查找元素失败 输入元素 ('xpath', '//div[@aria-label="添加用户"]/div[@class="el-dialog__body"]/form/div[1]//input')
2019-10-26 20:26:24,960 - root - INFO - 等待元素 ('xpath', '//div[@aria-label="添加用户"]/div[@class="el-dialog__body"]/form/div[1]//input') 可见，共耗时0s 
2019-10-26 20:26:24,960 - root - INFO - 查找元素 ('xpath', '//div[@aria-label="添加用户"]/div[@class="el-dialog__body"]/form/div[1]//input')
2019-10-26 20:26:24,972 - root - INFO - 等待元素 ('xpath', '//div[@aria-label="添加用户"]/div[@class="el-dialog__body"]/form/div[1]//input') 可见，共耗时0s 
2019-10-26 20:26:25,051 - root - INFO - 查找元素 ('xpath', '//*[@id="app"]/section/section/main/div/div/div[5]/div/div[2]/form/div[2]/div/div/input')
2019-10-26 20:26:25,068 - root - INFO - 等待元素 ('xpath', '//*[@id="app"]/section/section/main/div/div/div[5]/div/div[2]/form/div[2]/div/div/input') 可见，共耗时0s 
2019-10-26 20:26:25,074 - root - INFO - 用户列表页面_新增用户功能_查找元素失败 输入元素 ('xpath', '//*[@id="app"]/section/section/main/div/div/div[5]/div/div[2]/form/div[2]/div/div/input')
2019-10-26 20:26:25,086 - root - INFO - 等待元素 ('xpath', '//*[@id="app"]/section/section/main/div/div/div[5]/div/div[2]/form/div[2]/div/div/input') 可见，共耗时0s 
2019-10-26 20:26:25,086 - root - INFO - 查找元素 ('xpath', '//*[@id="app"]/section/section/main/div/div/div[5]/div/div[2]/form/div[2]/div/div/input')
2019-10-26 20:26:25,098 - root - INFO - 等待元素 ('xpath', '//*[@id="app"]/section/section/main/div/div/div[5]/div/div[2]/form/div[2]/div/div/input') 可见，共耗时0s 
2019-10-26 20:26:25,167 - root - INFO - 查找元素 ('xpath', '//*[@id="app"]/section/section/main/div/div/div[5]/div/div[2]/form/div[3]/div/div/input')
2019-10-26 20:26:25,184 - root - INFO - 等待元素 ('xpath', '//*[@id="app"]/section/section/main/div/div/div[5]/div/div[2]/form/div[3]/div/div/input') 可见，共耗时0s 
2019-10-26 20:26:25,189 - root - INFO - 用户列表页面_新增用户功能_查找元素失败 输入元素 ('xpath', '//*[@id="app"]/section/section/main/div/div/div[5]/div/div[2]/form/div[3]/div/div/input')
2019-10-26 20:26:25,201 - root - INFO - 等待元素 ('xpath', '//*[@id="app"]/section/section/main/div/div/div[5]/div/div[2]/form/div[3]/div/div/input') 可见，共耗时0s 
2019-10-26 20:26:25,202 - root - INFO - 查找元素 ('xpath', '//*[@id="app"]/section/section/main/div/div/div[5]/div/div[2]/form/div[3]/div/div/input')
2019-10-26 20:26:25,214 - root - INFO - 等待元素 ('xpath', '//*[@id="app"]/section/section/main/div/div/div[5]/div/div[2]/form/div[3]/div/div/input') 可见，共耗时0s 
2019-10-26 20:26:25,304 - root - INFO - 查找元素 ('xpath', '//*[@id="app"]/section/section/main/div/div/div[5]/div/div[2]/form/div[4]/div/div/input')
2019-10-26 20:26:25,319 - root - INFO - 等待元素 ('xpath', '//*[@id="app"]/section/section/main/div/div/div[5]/div/div[2]/form/div[4]/div/div/input') 可见，共耗时0s 
2019-10-26 20:26:25,326 - root - INFO - 用户列表页面_新增用户功能_查找元素失败 输入元素 ('xpath', '//*[@id="app"]/section/section/main/div/div/div[5]/div/div[2]/form/div[4]/div/div/input')
2019-10-26 20:26:25,337 - root - INFO - 等待元素 ('xpath', '//*[@id="app"]/section/section/main/div/div/div[5]/div/div[2]/form/div[4]/div/div/input') 可见，共耗时0s 
2019-10-26 20:26:25,338 - root - INFO - 查找元素 ('xpath', '//*[@id="app"]/section/section/main/div/div/div[5]/div/div[2]/form/div[4]/div/div/input')
2019-10-26 20:26:25,350 - root - INFO - 等待元素 ('xpath', '//*[@id="app"]/section/section/main/div/div/div[5]/div/div[2]/form/div[4]/div/div/input') 可见，共耗时0s 
2019-10-26 20:26:25,431 - root - INFO - 查找元素 ('xpath', '//*[@id="app"]/section/section/main/div/div/div[5]/div/div[3]/div/button[2]')
2019-10-26 20:26:25,446 - root - INFO - 等待元素 ('xpath', '//*[@id="app"]/section/section/main/div/div/div[5]/div/div[3]/div/button[2]') 可见，共耗时0s 
2019-10-26 20:26:25,452 - root - INFO - 用户列表页面_新增用户功能_查找元素失败 点击元素 ('xpath', '//*[@id="app"]/section/section/main/div/div/div[5]/div/div[3]/div/button[2]')
2019-10-26 20:26:25,464 - root - INFO - 等待元素 ('xpath', '//*[@id="app"]/section/section/main/div/div/div[5]/div/div[3]/div/button[2]') 可见，共耗时0s 
2019-10-26 20:26:25,464 - root - INFO - 查找元素 ('xpath', '//*[@id="app"]/section/section/main/div/div/div[5]/div/div[3]/div/button[2]')
2019-10-26 20:26:25,476 - root - INFO - 等待元素 ('xpath', '//*[@id="app"]/section/section/main/div/div/div[5]/div/div[3]/div/button[2]') 可见，共耗时0s 
2019-10-26 20:26:25,510 - root - INFO - 期望值：创建成功
2019-10-26 20:26:26,040 - root - INFO - 等待元素 ('xpath', '//div[@role="alert"]/p[@class="el-message__content"]') 可见，共耗时0s 
2019-10-26 20:26:26,040 - root - INFO - 查找元素 ('xpath', '//div[@role="alert"]/p[@class="el-message__content"]')
2019-10-26 20:26:26,052 - root - INFO - 等待元素 ('xpath', '//div[@role="alert"]/p[@class="el-message__content"]') 可见，共耗时0s 
2019-10-26 20:26:26,058 - root - INFO - 用户列表页面_新增用户功能消息_查找元素失败 获取元素 ('xpath', '//div[@role="alert"]/p[@class="el-message__content"]')
2019-10-26 20:26:26,069 - root - INFO - 等待元素 ('xpath', '//div[@role="alert"]/p[@class="el-message__content"]') 可见，共耗时0s 
2019-10-26 20:26:26,069 - root - INFO - 查找元素 ('xpath', '//div[@role="alert"]/p[@class="el-message__content"]')
2019-10-26 20:26:26,080 - root - INFO - 等待元素 ('xpath', '//div[@role="alert"]/p[@class="el-message__content"]') 可见，共耗时0s 
2019-10-26 20:26:26,100 - root - INFO - 实际值：创建成功
2019-10-26 20:26:26,112 - root - INFO - 等待元素 ('xpath', '//div[@role="alert"]/p[@class="el-message__content"]') 可见，共耗时0s 
2019-10-26 20:26:26,113 - root - INFO - 查找元素 ('xpath', '//div[@role="alert"]/p[@class="el-message__content"]')
2019-10-26 20:26:26,129 - root - INFO - 等待元素 ('xpath', '//div[@role="alert"]/p[@class="el-message__content"]') 可见，共耗时0s 
2019-10-26 20:26:26,135 - root - INFO - 用户列表页面_新增用户功能消息_查找元素失败 获取元素 ('xpath', '//div[@role="alert"]/p[@class="el-message__content"]')
2019-10-26 20:26:26,147 - root - INFO - 等待元素 ('xpath', '//div[@role="alert"]/p[@class="el-message__content"]') 可见，共耗时0s 
2019-10-26 20:26:26,147 - root - INFO - 查找元素 ('xpath', '//div[@role="alert"]/p[@class="el-message__content"]')
2019-10-26 20:26:26,156 - root - INFO - 等待元素 ('xpath', '//div[@role="alert"]/p[@class="el-message__content"]') 可见，共耗时0s 
2019-10-26 20:26:26,168 - root - INFO -  结束执行 test_add_user 测试用例， 测试结果 --- PASS 
2019-10-26 20:26:26,478 - root - INFO - 截图成功，图片路径为: C:\Users\lucas\PycharmProjects\python_web_framework\OutPuts\image\新增用户功能-正常测试-正常截图_2019-10-26_20_26_26.png
2019-10-26 20:26:29,485 - root - INFO -  异常测试用例：新增用户功能-异常测试-用户已存在 
2019-10-26 20:26:29,485 - root - INFO - 查找元素 ('xpath', '//span[text()="添加按钮"]')
2019-10-26 20:26:29,501 - root - INFO - 等待元素 ('xpath', '//span[text()="添加按钮"]') 可见，共耗时0s 
2019-10-26 20:26:29,505 - root - INFO - 用户列表页面_新增用户功能_查找元素失败 点击元素 ('xpath', '//span[text()="添加按钮"]')
2019-10-26 20:26:29,521 - root - INFO - 等待元素 ('xpath', '//span[text()="添加按钮"]') 可见，共耗时0s 
2019-10-26 20:26:29,521 - root - INFO - 查找元素 ('xpath', '//span[text()="添加按钮"]')
2019-10-26 20:26:29,532 - root - INFO - 等待元素 ('xpath', '//span[text()="添加按钮"]') 可见，共耗时0s 
2019-10-26 20:26:29,566 - root - INFO - 查找元素 ('xpath', '//div[@aria-label="添加用户"]/div[@class="el-dialog__body"]/form/div[1]//input')
2019-10-26 20:26:30,092 - root - INFO - 等待元素 ('xpath', '//div[@aria-label="添加用户"]/div[@class="el-dialog__body"]/form/div[1]//input') 可见，共耗时0s 
2019-10-26 20:26:30,100 - root - INFO - 用户列表页面_新增用户功能_查找元素失败 输入元素 ('xpath', '//div[@aria-label="添加用户"]/div[@class="el-dialog__body"]/form/div[1]//input')
2019-10-26 20:26:30,112 - root - INFO - 等待元素 ('xpath', '//div[@aria-label="添加用户"]/div[@class="el-dialog__body"]/form/div[1]//input') 可见，共耗时0s 
2019-10-26 20:26:30,112 - root - INFO - 查找元素 ('xpath', '//div[@aria-label="添加用户"]/div[@class="el-dialog__body"]/form/div[1]//input')
2019-10-26 20:26:30,123 - root - INFO - 等待元素 ('xpath', '//div[@aria-label="添加用户"]/div[@class="el-dialog__body"]/form/div[1]//input') 可见，共耗时0s 
2019-10-26 20:26:30,170 - root - INFO - 查找元素 ('xpath', '//*[@id="app"]/section/section/main/div/div/div[5]/div/div[2]/form/div[2]/div/div/input')
2019-10-26 20:26:30,183 - root - INFO - 等待元素 ('xpath', '//*[@id="app"]/section/section/main/div/div/div[5]/div/div[2]/form/div[2]/div/div/input') 可见，共耗时0s 
2019-10-26 20:26:30,189 - root - INFO - 用户列表页面_新增用户功能_查找元素失败 输入元素 ('xpath', '//*[@id="app"]/section/section/main/div/div/div[5]/div/div[2]/form/div[2]/div/div/input')
2019-10-26 20:26:30,201 - root - INFO - 等待元素 ('xpath', '//*[@id="app"]/section/section/main/div/div/div[5]/div/div[2]/form/div[2]/div/div/input') 可见，共耗时0s 
2019-10-26 20:26:30,201 - root - INFO - 查找元素 ('xpath', '//*[@id="app"]/section/section/main/div/div/div[5]/div/div[2]/form/div[2]/div/div/input')
2019-10-26 20:26:30,213 - root - INFO - 等待元素 ('xpath', '//*[@id="app"]/section/section/main/div/div/div[5]/div/div[2]/form/div[2]/div/div/input') 可见，共耗时0s 
2019-10-26 20:26:30,266 - root - INFO - 查找元素 ('xpath', '//*[@id="app"]/section/section/main/div/div/div[5]/div/div[2]/form/div[3]/div/div/input')
2019-10-26 20:26:30,278 - root - INFO - 等待元素 ('xpath', '//*[@id="app"]/section/section/main/div/div/div[5]/div/div[2]/form/div[3]/div/div/input') 可见，共耗时0s 
2019-10-26 20:26:30,283 - root - INFO - 用户列表页面_新增用户功能_查找元素失败 输入元素 ('xpath', '//*[@id="app"]/section/section/main/div/div/div[5]/div/div[2]/form/div[3]/div/div/input')
2019-10-26 20:26:30,296 - root - INFO - 等待元素 ('xpath', '//*[@id="app"]/section/section/main/div/div/div[5]/div/div[2]/form/div[3]/div/div/input') 可见，共耗时0s 
2019-10-26 20:26:30,296 - root - INFO - 查找元素 ('xpath', '//*[@id="app"]/section/section/main/div/div/div[5]/div/div[2]/form/div[3]/div/div/input')
2019-10-26 20:26:30,308 - root - INFO - 等待元素 ('xpath', '//*[@id="app"]/section/section/main/div/div/div[5]/div/div[2]/form/div[3]/div/div/input') 可见，共耗时0s 
2019-10-26 20:26:30,381 - root - INFO - 查找元素 ('xpath', '//*[@id="app"]/section/section/main/div/div/div[5]/div/div[2]/form/div[4]/div/div/input')
2019-10-26 20:26:30,395 - root - INFO - 等待元素 ('xpath', '//*[@id="app"]/section/section/main/div/div/div[5]/div/div[2]/form/div[4]/div/div/input') 可见，共耗时0s 
2019-10-26 20:26:30,401 - root - INFO - 用户列表页面_新增用户功能_查找元素失败 输入元素 ('xpath', '//*[@id="app"]/section/section/main/div/div/div[5]/div/div[2]/form/div[4]/div/div/input')
2019-10-26 20:26:30,413 - root - INFO - 等待元素 ('xpath', '//*[@id="app"]/section/section/main/div/div/div[5]/div/div[2]/form/div[4]/div/div/input') 可见，共耗时0s 
2019-10-26 20:26:30,413 - root - INFO - 查找元素 ('xpath', '//*[@id="app"]/section/section/main/div/div/div[5]/div/div[2]/form/div[4]/div/div/input')
2019-10-26 20:26:30,425 - root - INFO - 等待元素 ('xpath', '//*[@id="app"]/section/section/main/div/div/div[5]/div/div[2]/form/div[4]/div/div/input') 可见，共耗时0s 
2019-10-26 20:26:30,501 - root - INFO - 查找元素 ('xpath', '//*[@id="app"]/section/section/main/div/div/div[5]/div/div[3]/div/button[2]')
2019-10-26 20:26:30,513 - root - INFO - 等待元素 ('xpath', '//*[@id="app"]/section/section/main/div/div/div[5]/div/div[3]/div/button[2]') 可见，共耗时0s 
2019-10-26 20:26:30,518 - root - INFO - 用户列表页面_新增用户功能_查找元素失败 点击元素 ('xpath', '//*[@id="app"]/section/section/main/div/div/div[5]/div/div[3]/div/button[2]')
2019-10-26 20:26:30,530 - root - INFO - 等待元素 ('xpath', '//*[@id="app"]/section/section/main/div/div/div[5]/div/div[3]/div/button[2]') 可见，共耗时0s 
2019-10-26 20:26:30,530 - root - INFO - 查找元素 ('xpath', '//*[@id="app"]/section/section/main/div/div/div[5]/div/div[3]/div/button[2]')
2019-10-26 20:26:30,542 - root - INFO - 等待元素 ('xpath', '//*[@id="app"]/section/section/main/div/div/div[5]/div/div[3]/div/button[2]') 可见，共耗时0s 
2019-10-26 20:26:30,577 - root - INFO - 期望值：用户名已存在
2019-10-26 20:26:31,103 - root - INFO - 等待元素 ('xpath', '//div[@role="alert"]/p[@class="el-message__content"]') 可见，共耗时0s 
2019-10-26 20:26:31,103 - root - INFO - 查找元素 ('xpath', '//div[@role="alert"]/p[@class="el-message__content"]')
2019-10-26 20:26:31,115 - root - INFO - 等待元素 ('xpath', '//div[@role="alert"]/p[@class="el-message__content"]') 可见，共耗时0s 
2019-10-26 20:26:31,123 - root - INFO - 用户列表页面_新增用户功能消息_查找元素失败 获取元素 ('xpath', '//div[@role="alert"]/p[@class="el-message__content"]')
2019-10-26 20:26:31,131 - root - INFO - 等待元素 ('xpath', '//div[@role="alert"]/p[@class="el-message__content"]') 可见，共耗时0s 
2019-10-26 20:26:31,135 - root - INFO - 查找元素 ('xpath', '//div[@role="alert"]/p[@class="el-message__content"]')
2019-10-26 20:26:31,149 - root - INFO - 等待元素 ('xpath', '//div[@role="alert"]/p[@class="el-message__content"]') 可见，共耗时0s 
2019-10-26 20:26:31,169 - root - INFO - 实际值：用户名已存在
2019-10-26 20:26:31,182 - root - INFO - 等待元素 ('xpath', '//div[@role="alert"]/p[@class="el-message__content"]') 可见，共耗时0s 
2019-10-26 20:26:31,182 - root - INFO - 查找元素 ('xpath', '//div[@role="alert"]/p[@class="el-message__content"]')
2019-10-26 20:26:31,192 - root - INFO - 等待元素 ('xpath', '//div[@role="alert"]/p[@class="el-message__content"]') 可见，共耗时0s 
2019-10-26 20:26:31,200 - root - INFO - 用户列表页面_新增用户功能消息_查找元素失败 获取元素 ('xpath', '//div[@role="alert"]/p[@class="el-message__content"]')
2019-10-26 20:26:31,212 - root - INFO - 等待元素 ('xpath', '//div[@role="alert"]/p[@class="el-message__content"]') 可见，共耗时0s 
2019-10-26 20:26:31,212 - root - INFO - 查找元素 ('xpath', '//div[@role="alert"]/p[@class="el-message__content"]')
2019-10-26 20:26:31,223 - root - INFO - 等待元素 ('xpath', '//div[@role="alert"]/p[@class="el-message__content"]') 可见，共耗时0s 
2019-10-26 20:26:31,231 - root - INFO -  结束执行 test_add_usernameFormat_error 测试用例， 测试结果 --- PASS 
2019-10-26 20:26:31,534 - root - INFO - 截图成功，图片路径为: C:\Users\lucas\PycharmProjects\python_web_framework\OutPuts\image\新增用户功能-异常测试-用户已存在-正常截图_2019-10-26_20_26_31.png
2019-10-26 20:26:34,547 - root - INFO -  异常测试用例：新增用户功能-异常测试-用户名为空 
2019-10-26 20:26:34,547 - root - INFO - 查找元素 ('xpath', '//span[text()="添加按钮"]')
2019-10-26 20:26:34,563 - root - INFO - 等待元素 ('xpath', '//span[text()="添加按钮"]') 可见，共耗时0s 
2019-10-26 20:26:34,566 - root - INFO - 用户列表页面_新增用户功能_查找元素失败 点击元素 ('xpath', '//span[text()="添加按钮"]')
2019-10-26 20:26:34,578 - root - INFO - 等待元素 ('xpath', '//span[text()="添加按钮"]') 可见，共耗时0s 
2019-10-26 20:26:34,578 - root - INFO - 查找元素 ('xpath', '//span[text()="添加按钮"]')
2019-10-26 20:26:34,590 - root - INFO - 等待元素 ('xpath', '//span[text()="添加按钮"]') 可见，共耗时0s 
2019-10-26 20:26:34,622 - root - INFO - 查找元素 ('xpath', '//div[@aria-label="添加用户"]/div[@class="el-dialog__body"]/form/div[1]//input')
2019-10-26 20:26:35,150 - root - INFO - 等待元素 ('xpath', '//div[@aria-label="添加用户"]/div[@class="el-dialog__body"]/form/div[1]//input') 可见，共耗时0s 
2019-10-26 20:26:35,157 - root - INFO - 用户列表页面_新增用户功能_查找元素失败 输入元素 ('xpath', '//div[@aria-label="添加用户"]/div[@class="el-dialog__body"]/form/div[1]//input')
2019-10-26 20:26:35,169 - root - INFO - 等待元素 ('xpath', '//div[@aria-label="添加用户"]/div[@class="el-dialog__body"]/form/div[1]//input') 可见，共耗时0s 
2019-10-26 20:26:35,169 - root - INFO - 查找元素 ('xpath', '//div[@aria-label="添加用户"]/div[@class="el-dialog__body"]/form/div[1]//input')
2019-10-26 20:26:35,185 - root - INFO - 等待元素 ('xpath', '//div[@aria-label="添加用户"]/div[@class="el-dialog__body"]/form/div[1]//input') 可见，共耗时0s 
2019-10-26 20:26:35,212 - root - INFO - 查找元素 ('xpath', '//*[@id="app"]/section/section/main/div/div/div[5]/div/div[2]/form/div[2]/div/div/input')
2019-10-26 20:26:35,224 - root - INFO - 等待元素 ('xpath', '//*[@id="app"]/section/section/main/div/div/div[5]/div/div[2]/form/div[2]/div/div/input') 可见，共耗时0s 
2019-10-26 20:26:35,230 - root - INFO - 用户列表页面_新增用户功能_查找元素失败 输入元素 ('xpath', '//*[@id="app"]/section/section/main/div/div/div[5]/div/div[2]/form/div[2]/div/div/input')
2019-10-26 20:26:35,243 - root - INFO - 等待元素 ('xpath', '//*[@id="app"]/section/section/main/div/div/div[5]/div/div[2]/form/div[2]/div/div/input') 可见，共耗时0s 
2019-10-26 20:26:35,244 - root - INFO - 查找元素 ('xpath', '//*[@id="app"]/section/section/main/div/div/div[5]/div/div[2]/form/div[2]/div/div/input')
2019-10-26 20:26:35,256 - root - INFO - 等待元素 ('xpath', '//*[@id="app"]/section/section/main/div/div/div[5]/div/div[2]/form/div[2]/div/div/input') 可见，共耗时0s 
2019-10-26 20:26:35,305 - root - INFO - 查找元素 ('xpath', '//*[@id="app"]/section/section/main/div/div/div[5]/div/div[2]/form/div[3]/div/div/input')
2019-10-26 20:26:35,318 - root - INFO - 等待元素 ('xpath', '//*[@id="app"]/section/section/main/div/div/div[5]/div/div[2]/form/div[3]/div/div/input') 可见，共耗时0s 
2019-10-26 20:26:35,324 - root - INFO - 用户列表页面_新增用户功能_查找元素失败 输入元素 ('xpath', '//*[@id="app"]/section/section/main/div/div/div[5]/div/div[2]/form/div[3]/div/div/input')
2019-10-26 20:26:35,337 - root - INFO - 等待元素 ('xpath', '//*[@id="app"]/section/section/main/div/div/div[5]/div/div[2]/form/div[3]/div/div/input') 可见，共耗时0s 
2019-10-26 20:26:35,337 - root - INFO - 查找元素 ('xpath', '//*[@id="app"]/section/section/main/div/div/div[5]/div/div[2]/form/div[3]/div/div/input')
2019-10-26 20:26:35,349 - root - INFO - 等待元素 ('xpath', '//*[@id="app"]/section/section/main/div/div/div[5]/div/div[2]/form/div[3]/div/div/input') 可见，共耗时0s 
2019-10-26 20:26:35,415 - root - INFO - 查找元素 ('xpath', '//*[@id="app"]/section/section/main/div/div/div[5]/div/div[2]/form/div[4]/div/div/input')
2019-10-26 20:26:35,427 - root - INFO - 等待元素 ('xpath', '//*[@id="app"]/section/section/main/div/div/div[5]/div/div[2]/form/div[4]/div/div/input') 可见，共耗时0s 
2019-10-26 20:26:35,433 - root - INFO - 用户列表页面_新增用户功能_查找元素失败 输入元素 ('xpath', '//*[@id="app"]/section/section/main/div/div/div[5]/div/div[2]/form/div[4]/div/div/input')
2019-10-26 20:26:35,445 - root - INFO - 等待元素 ('xpath', '//*[@id="app"]/section/section/main/div/div/div[5]/div/div[2]/form/div[4]/div/div/input') 可见，共耗时0s 
2019-10-26 20:26:35,445 - root - INFO - 查找元素 ('xpath', '//*[@id="app"]/section/section/main/div/div/div[5]/div/div[2]/form/div[4]/div/div/input')
2019-10-26 20:26:35,457 - root - INFO - 等待元素 ('xpath', '//*[@id="app"]/section/section/main/div/div/div[5]/div/div[2]/form/div[4]/div/div/input') 可见，共耗时0s 
2019-10-26 20:26:35,539 - root - INFO - 查找元素 ('xpath', '//*[@id="app"]/section/section/main/div/div/div[5]/div/div[3]/div/button[2]')
2019-10-26 20:26:35,552 - root - INFO - 等待元素 ('xpath', '//*[@id="app"]/section/section/main/div/div/div[5]/div/div[3]/div/button[2]') 可见，共耗时0s 
2019-10-26 20:26:35,558 - root - INFO - 用户列表页面_新增用户功能_查找元素失败 点击元素 ('xpath', '//*[@id="app"]/section/section/main/div/div/div[5]/div/div[3]/div/button[2]')
2019-10-26 20:26:35,570 - root - INFO - 等待元素 ('xpath', '//*[@id="app"]/section/section/main/div/div/div[5]/div/div[3]/div/button[2]') 可见，共耗时0s 
2019-10-26 20:26:35,571 - root - INFO - 查找元素 ('xpath', '//*[@id="app"]/section/section/main/div/div/div[5]/div/div[3]/div/button[2]')
2019-10-26 20:26:35,583 - root - INFO - 等待元素 ('xpath', '//*[@id="app"]/section/section/main/div/div/div[5]/div/div[3]/div/button[2]') 可见，共耗时0s 
2019-10-26 20:26:35,611 - root - INFO - 期望值：用户名不能为空
2019-10-26 20:26:36,141 - root - INFO - 等待元素 ('xpath', '//div[@role="alert"]/p[@class="el-message__content"]') 可见，共耗时0s 
2019-10-26 20:26:36,141 - root - INFO - 查找元素 ('xpath', '//div[@role="alert"]/p[@class="el-message__content"]')
2019-10-26 20:26:36,153 - root - INFO - 等待元素 ('xpath', '//div[@role="alert"]/p[@class="el-message__content"]') 可见，共耗时0s 
2019-10-26 20:26:36,157 - root - INFO - 用户列表页面_新增用户功能消息_查找元素失败 获取元素 ('xpath', '//div[@role="alert"]/p[@class="el-message__content"]')
2019-10-26 20:26:36,169 - root - INFO - 等待元素 ('xpath', '//div[@role="alert"]/p[@class="el-message__content"]') 可见，共耗时0s 
2019-10-26 20:26:36,169 - root - INFO - 查找元素 ('xpath', '//div[@role="alert"]/p[@class="el-message__content"]')
2019-10-26 20:26:36,180 - root - INFO - 等待元素 ('xpath', '//div[@role="alert"]/p[@class="el-message__content"]') 可见，共耗时0s 
2019-10-26 20:26:36,196 - root - INFO - 实际值：用户名不能为空
2019-10-26 20:26:36,208 - root - INFO - 等待元素 ('xpath', '//div[@role="alert"]/p[@class="el-message__content"]') 可见，共耗时0s 
2019-10-26 20:26:36,208 - root - INFO - 查找元素 ('xpath', '//div[@role="alert"]/p[@class="el-message__content"]')
2019-10-26 20:26:36,219 - root - INFO - 等待元素 ('xpath', '//div[@role="alert"]/p[@class="el-message__content"]') 可见，共耗时0s 
2019-10-26 20:26:36,227 - root - INFO - 用户列表页面_新增用户功能消息_查找元素失败 获取元素 ('xpath', '//div[@role="alert"]/p[@class="el-message__content"]')
2019-10-26 20:26:36,239 - root - INFO - 等待元素 ('xpath', '//div[@role="alert"]/p[@class="el-message__content"]') 可见，共耗时0s 
2019-10-26 20:26:36,239 - root - INFO - 查找元素 ('xpath', '//div[@role="alert"]/p[@class="el-message__content"]')
2019-10-26 20:26:36,251 - root - INFO - 等待元素 ('xpath', '//div[@role="alert"]/p[@class="el-message__content"]') 可见，共耗时0s 
2019-10-26 20:26:36,258 - root - INFO -  结束执行 test_add_usernameFormat_error 测试用例， 测试结果 --- PASS 
2019-10-26 20:26:36,548 - root - INFO - 截图成功，图片路径为: C:\Users\lucas\PycharmProjects\python_web_framework\OutPuts\image\新增用户功能-异常测试-用户名为空-正常截图_2019-10-26_20_26_36.png
2019-10-26 20:26:39,561 - root - INFO -  执行 test_add_passwordFormat_error 测试用例 
2019-10-26 20:26:39,561 - root - INFO -  异常测试用例：新增用户功能-异常测试-用户已存在 
2019-10-26 20:26:39,565 - root - INFO - 查找元素 ('xpath', '//span[text()="添加按钮"]')
2019-10-26 20:26:39,576 - root - INFO - 等待元素 ('xpath', '//span[text()="添加按钮"]') 可见，共耗时0s 
2019-10-26 20:26:39,584 - root - INFO - 用户列表页面_新增用户功能_查找元素失败 点击元素 ('xpath', '//span[text()="添加按钮"]')
2019-10-26 20:26:39,596 - root - INFO - 等待元素 ('xpath', '//span[text()="添加按钮"]') 可见，共耗时0s 
2019-10-26 20:26:39,596 - root - INFO - 查找元素 ('xpath', '//span[text()="添加按钮"]')
2019-10-26 20:26:39,608 - root - INFO - 等待元素 ('xpath', '//span[text()="添加按钮"]') 可见，共耗时0s 
2019-10-26 20:26:39,644 - root - INFO - 查找元素 ('xpath', '//div[@aria-label="添加用户"]/div[@class="el-dialog__body"]/form/div[1]//input')
2019-10-26 20:26:40,177 - root - INFO - 等待元素 ('xpath', '//div[@aria-label="添加用户"]/div[@class="el-dialog__body"]/form/div[1]//input') 可见，共耗时0s 
2019-10-26 20:26:40,185 - root - INFO - 用户列表页面_新增用户功能_查找元素失败 输入元素 ('xpath', '//div[@aria-label="添加用户"]/div[@class="el-dialog__body"]/form/div[1]//input')
2019-10-26 20:26:40,197 - root - INFO - 等待元素 ('xpath', '//div[@aria-label="添加用户"]/div[@class="el-dialog__body"]/form/div[1]//input') 可见，共耗时0s 
2019-10-26 20:26:40,197 - root - INFO - 查找元素 ('xpath', '//div[@aria-label="添加用户"]/div[@class="el-dialog__body"]/form/div[1]//input')
2019-10-26 20:26:40,209 - root - INFO - 等待元素 ('xpath', '//div[@aria-label="添加用户"]/div[@class="el-dialog__body"]/form/div[1]//input') 可见，共耗时0s 
2019-10-26 20:26:40,257 - root - INFO - 查找元素 ('xpath', '//*[@id="app"]/section/section/main/div/div/div[5]/div/div[2]/form/div[2]/div/div/input')
2019-10-26 20:26:40,270 - root - INFO - 等待元素 ('xpath', '//*[@id="app"]/section/section/main/div/div/div[5]/div/div[2]/form/div[2]/div/div/input') 可见，共耗时0s 
2019-10-26 20:26:40,274 - root - INFO - 用户列表页面_新增用户功能_查找元素失败 输入元素 ('xpath', '//*[@id="app"]/section/section/main/div/div/div[5]/div/div[2]/form/div[2]/div/div/input')
2019-10-26 20:26:40,286 - root - INFO - 等待元素 ('xpath', '//*[@id="app"]/section/section/main/div/div/div[5]/div/div[2]/form/div[2]/div/div/input') 可见，共耗时0s 
2019-10-26 20:26:40,286 - root - INFO - 查找元素 ('xpath', '//*[@id="app"]/section/section/main/div/div/div[5]/div/div[2]/form/div[2]/div/div/input')
2019-10-26 20:26:40,298 - root - INFO - 等待元素 ('xpath', '//*[@id="app"]/section/section/main/div/div/div[5]/div/div[2]/form/div[2]/div/div/input') 可见，共耗时0s 
2019-10-26 20:26:40,348 - root - INFO - 查找元素 ('xpath', '//*[@id="app"]/section/section/main/div/div/div[5]/div/div[2]/form/div[3]/div/div/input')
2019-10-26 20:26:40,360 - root - INFO - 等待元素 ('xpath', '//*[@id="app"]/section/section/main/div/div/div[5]/div/div[2]/form/div[3]/div/div/input') 可见，共耗时0s 
2019-10-26 20:26:40,365 - root - INFO - 用户列表页面_新增用户功能_查找元素失败 输入元素 ('xpath', '//*[@id="app"]/section/section/main/div/div/div[5]/div/div[2]/form/div[3]/div/div/input')
2019-10-26 20:26:40,376 - root - INFO - 等待元素 ('xpath', '//*[@id="app"]/section/section/main/div/div/div[5]/div/div[2]/form/div[3]/div/div/input') 可见，共耗时0s 
2019-10-26 20:26:40,376 - root - INFO - 查找元素 ('xpath', '//*[@id="app"]/section/section/main/div/div/div[5]/div/div[2]/form/div[3]/div/div/input')
2019-10-26 20:26:40,387 - root - INFO - 等待元素 ('xpath', '//*[@id="app"]/section/section/main/div/div/div[5]/div/div[2]/form/div[3]/div/div/input') 可见，共耗时0s 
2019-10-26 20:26:40,458 - root - INFO - 查找元素 ('xpath', '//*[@id="app"]/section/section/main/div/div/div[5]/div/div[2]/form/div[4]/div/div/input')
2019-10-26 20:26:40,470 - root - INFO - 等待元素 ('xpath', '//*[@id="app"]/section/section/main/div/div/div[5]/div/div[2]/form/div[4]/div/div/input') 可见，共耗时0s 
2019-10-26 20:26:40,476 - root - INFO - 用户列表页面_新增用户功能_查找元素失败 输入元素 ('xpath', '//*[@id="app"]/section/section/main/div/div/div[5]/div/div[2]/form/div[4]/div/div/input')
2019-10-26 20:26:40,487 - root - INFO - 等待元素 ('xpath', '//*[@id="app"]/section/section/main/div/div/div[5]/div/div[2]/form/div[4]/div/div/input') 可见，共耗时0s 
2019-10-26 20:26:40,487 - root - INFO - 查找元素 ('xpath', '//*[@id="app"]/section/section/main/div/div/div[5]/div/div[2]/form/div[4]/div/div/input')
2019-10-26 20:26:40,499 - root - INFO - 等待元素 ('xpath', '//*[@id="app"]/section/section/main/div/div/div[5]/div/div[2]/form/div[4]/div/div/input') 可见，共耗时0s 
2019-10-26 20:26:40,565 - root - INFO - 查找元素 ('xpath', '//*[@id="app"]/section/section/main/div/div/div[5]/div/div[3]/div/button[2]')
2019-10-26 20:26:40,576 - root - INFO - 等待元素 ('xpath', '//*[@id="app"]/section/section/main/div/div/div[5]/div/div[3]/div/button[2]') 可见，共耗时0s 
2019-10-26 20:26:40,581 - root - INFO - 用户列表页面_新增用户功能_查找元素失败 点击元素 ('xpath', '//*[@id="app"]/section/section/main/div/div/div[5]/div/div[3]/div/button[2]')
2019-10-26 20:26:40,593 - root - INFO - 等待元素 ('xpath', '//*[@id="app"]/section/section/main/div/div/div[5]/div/div[3]/div/button[2]') 可见，共耗时0s 
2019-10-26 20:26:40,594 - root - INFO - 查找元素 ('xpath', '//*[@id="app"]/section/section/main/div/div/div[5]/div/div[3]/div/button[2]')
2019-10-26 20:26:40,605 - root - INFO - 等待元素 ('xpath', '//*[@id="app"]/section/section/main/div/div/div[5]/div/div[3]/div/button[2]') 可见，共耗时0s 
2019-10-26 20:26:40,645 - root - INFO - 期望值：用户名已存在
2019-10-26 20:26:41,175 - root - INFO - 等待元素 ('xpath', '//div[@role="alert"]/p[@class="el-message__content"]') 可见，共耗时0s 
2019-10-26 20:26:41,175 - root - INFO - 查找元素 ('xpath', '//div[@role="alert"]/p[@class="el-message__content"]')
2019-10-26 20:26:41,186 - root - INFO - 等待元素 ('xpath', '//div[@role="alert"]/p[@class="el-message__content"]') 可见，共耗时0s 
2019-10-26 20:26:41,194 - root - INFO - 用户列表页面_新增用户功能消息_查找元素失败 获取元素 ('xpath', '//div[@role="alert"]/p[@class="el-message__content"]')
2019-10-26 20:26:41,202 - root - INFO - 等待元素 ('xpath', '//div[@role="alert"]/p[@class="el-message__content"]') 可见，共耗时0s 
2019-10-26 20:26:41,206 - root - INFO - 查找元素 ('xpath', '//div[@role="alert"]/p[@class="el-message__content"]')
2019-10-26 20:26:41,214 - root - INFO - 等待元素 ('xpath', '//div[@role="alert"]/p[@class="el-message__content"]') 可见，共耗时0s 
2019-10-26 20:26:41,229 - root - INFO - 实际值：用户名已存在
2019-10-26 20:26:41,241 - root - INFO - 等待元素 ('xpath', '//div[@role="alert"]/p[@class="el-message__content"]') 可见，共耗时0s 
2019-10-26 20:26:41,241 - root - INFO - 查找元素 ('xpath', '//div[@role="alert"]/p[@class="el-message__content"]')
2019-10-26 20:26:41,253 - root - INFO - 等待元素 ('xpath', '//div[@role="alert"]/p[@class="el-message__content"]') 可见，共耗时0s 
2019-10-26 20:26:41,261 - root - INFO - 用户列表页面_新增用户功能消息_查找元素失败 获取元素 ('xpath', '//div[@role="alert"]/p[@class="el-message__content"]')
2019-10-26 20:26:41,272 - root - INFO - 等待元素 ('xpath', '//div[@role="alert"]/p[@class="el-message__content"]') 可见，共耗时0s 
2019-10-26 20:26:41,272 - root - INFO - 查找元素 ('xpath', '//div[@role="alert"]/p[@class="el-message__content"]')
2019-10-26 20:26:41,284 - root - INFO - 等待元素 ('xpath', '//div[@role="alert"]/p[@class="el-message__content"]') 可见，共耗时0s 
2019-10-26 20:26:41,296 - root - INFO -  结束执行 test_add_passwordFormat_error 测试用例， 测试结果 --- PASS 
2019-10-26 20:26:41,593 - root - INFO - 截图成功，图片路径为: C:\Users\lucas\PycharmProjects\python_web_framework\OutPuts\image\新增用户功能-异常测试-用户已存在-正常截图_2019-10-26_20_26_41.png
2019-10-26 20:26:44,595 - root - INFO -  执行 test_add_passwordFormat_error 测试用例 
2019-10-26 20:26:44,595 - root - INFO -  异常测试用例：新增用户功能-异常测试-用户名为空 
2019-10-26 20:26:44,595 - root - INFO - 查找元素 ('xpath', '//span[text()="添加按钮"]')
2019-10-26 20:26:44,614 - root - INFO - 等待元素 ('xpath', '//span[text()="添加按钮"]') 可见，共耗时0s 
2019-10-26 20:26:44,618 - root - INFO - 用户列表页面_新增用户功能_查找元素失败 点击元素 ('xpath', '//span[text()="添加按钮"]')
2019-10-26 20:26:44,634 - root - INFO - 等待元素 ('xpath', '//span[text()="添加按钮"]') 可见，共耗时0s 
2019-10-26 20:26:44,634 - root - INFO - 查找元素 ('xpath', '//span[text()="添加按钮"]')
2019-10-26 20:26:44,646 - root - INFO - 等待元素 ('xpath', '//span[text()="添加按钮"]') 可见，共耗时0s 
2019-10-26 20:26:44,675 - root - INFO - 查找元素 ('xpath', '//div[@aria-label="添加用户"]/div[@class="el-dialog__body"]/form/div[1]//input')
2019-10-26 20:26:45,203 - root - INFO - 等待元素 ('xpath', '//div[@aria-label="添加用户"]/div[@class="el-dialog__body"]/form/div[1]//input') 可见，共耗时0s 
2019-10-26 20:26:45,211 - root - INFO - 用户列表页面_新增用户功能_查找元素失败 输入元素 ('xpath', '//div[@aria-label="添加用户"]/div[@class="el-dialog__body"]/form/div[1]//input')
2019-10-26 20:26:45,223 - root - INFO - 等待元素 ('xpath', '//div[@aria-label="添加用户"]/div[@class="el-dialog__body"]/form/div[1]//input') 可见，共耗时0s 
2019-10-26 20:26:45,223 - root - INFO - 查找元素 ('xpath', '//div[@aria-label="添加用户"]/div[@class="el-dialog__body"]/form/div[1]//input')
2019-10-26 20:26:45,235 - root - INFO - 等待元素 ('xpath', '//div[@aria-label="添加用户"]/div[@class="el-dialog__body"]/form/div[1]//input') 可见，共耗时0s 
2019-10-26 20:26:45,261 - root - INFO - 查找元素 ('xpath', '//*[@id="app"]/section/section/main/div/div/div[5]/div/div[2]/form/div[2]/div/div/input')
2019-10-26 20:26:45,273 - root - INFO - 等待元素 ('xpath', '//*[@id="app"]/section/section/main/div/div/div[5]/div/div[2]/form/div[2]/div/div/input') 可见，共耗时0s 
2019-10-26 20:26:45,279 - root - INFO - 用户列表页面_新增用户功能_查找元素失败 输入元素 ('xpath', '//*[@id="app"]/section/section/main/div/div/div[5]/div/div[2]/form/div[2]/div/div/input')
2019-10-26 20:26:45,292 - root - INFO - 等待元素 ('xpath', '//*[@id="app"]/section/section/main/div/div/div[5]/div/div[2]/form/div[2]/div/div/input') 可见，共耗时0s 
2019-10-26 20:26:45,292 - root - INFO - 查找元素 ('xpath', '//*[@id="app"]/section/section/main/div/div/div[5]/div/div[2]/form/div[2]/div/div/input')
2019-10-26 20:26:45,304 - root - INFO - 等待元素 ('xpath', '//*[@id="app"]/section/section/main/div/div/div[5]/div/div[2]/form/div[2]/div/div/input') 可见，共耗时0s 
2019-10-26 20:26:45,356 - root - INFO - 查找元素 ('xpath', '//*[@id="app"]/section/section/main/div/div/div[5]/div/div[2]/form/div[3]/div/div/input')
2019-10-26 20:26:45,369 - root - INFO - 等待元素 ('xpath', '//*[@id="app"]/section/section/main/div/div/div[5]/div/div[2]/form/div[3]/div/div/input') 可见，共耗时0s 
2019-10-26 20:26:45,375 - root - INFO - 用户列表页面_新增用户功能_查找元素失败 输入元素 ('xpath', '//*[@id="app"]/section/section/main/div/div/div[5]/div/div[2]/form/div[3]/div/div/input')
2019-10-26 20:26:45,387 - root - INFO - 等待元素 ('xpath', '//*[@id="app"]/section/section/main/div/div/div[5]/div/div[2]/form/div[3]/div/div/input') 可见，共耗时0s 
2019-10-26 20:26:45,387 - root - INFO - 查找元素 ('xpath', '//*[@id="app"]/section/section/main/div/div/div[5]/div/div[2]/form/div[3]/div/div/input')
2019-10-26 20:26:45,400 - root - INFO - 等待元素 ('xpath', '//*[@id="app"]/section/section/main/div/div/div[5]/div/div[2]/form/div[3]/div/div/input') 可见，共耗时0s 
2019-10-26 20:26:45,472 - root - INFO - 查找元素 ('xpath', '//*[@id="app"]/section/section/main/div/div/div[5]/div/div[2]/form/div[4]/div/div/input')
2019-10-26 20:26:45,484 - root - INFO - 等待元素 ('xpath', '//*[@id="app"]/section/section/main/div/div/div[5]/div/div[2]/form/div[4]/div/div/input') 可见，共耗时0s 
2019-10-26 20:26:45,490 - root - INFO - 用户列表页面_新增用户功能_查找元素失败 输入元素 ('xpath', '//*[@id="app"]/section/section/main/div/div/div[5]/div/div[2]/form/div[4]/div/div/input')
2019-10-26 20:26:45,501 - root - INFO - 等待元素 ('xpath', '//*[@id="app"]/section/section/main/div/div/div[5]/div/div[2]/form/div[4]/div/div/input') 可见，共耗时0s 
2019-10-26 20:26:45,501 - root - INFO - 查找元素 ('xpath', '//*[@id="app"]/section/section/main/div/div/div[5]/div/div[2]/form/div[4]/div/div/input')
2019-10-26 20:26:45,513 - root - INFO - 等待元素 ('xpath', '//*[@id="app"]/section/section/main/div/div/div[5]/div/div[2]/form/div[4]/div/div/input') 可见，共耗时0s 
2019-10-26 20:26:45,579 - root - INFO - 查找元素 ('xpath', '//*[@id="app"]/section/section/main/div/div/div[5]/div/div[3]/div/button[2]')
2019-10-26 20:26:45,590 - root - INFO - 等待元素 ('xpath', '//*[@id="app"]/section/section/main/div/div/div[5]/div/div[3]/div/button[2]') 可见，共耗时0s 
2019-10-26 20:26:45,596 - root - INFO - 用户列表页面_新增用户功能_查找元素失败 点击元素 ('xpath', '//*[@id="app"]/section/section/main/div/div/div[5]/div/div[3]/div/button[2]')
2019-10-26 20:26:45,608 - root - INFO - 等待元素 ('xpath', '//*[@id="app"]/section/section/main/div/div/div[5]/div/div[3]/div/button[2]') 可见，共耗时0s 
2019-10-26 20:26:45,609 - root - INFO - 查找元素 ('xpath', '//*[@id="app"]/section/section/main/div/div/div[5]/div/div[3]/div/button[2]')
2019-10-26 20:26:45,620 - root - INFO - 等待元素 ('xpath', '//*[@id="app"]/section/section/main/div/div/div[5]/div/div[3]/div/button[2]') 可见，共耗时0s 
2019-10-26 20:26:45,644 - root - INFO - 期望值：用户名不能为空
2019-10-26 20:26:46,183 - root - INFO - 等待元素 ('xpath', '//div[@role="alert"]/p[@class="el-message__content"]') 可见，共耗时0s 
2019-10-26 20:26:46,183 - root - INFO - 查找元素 ('xpath', '//div[@role="alert"]/p[@class="el-message__content"]')
2019-10-26 20:26:46,195 - root - INFO - 等待元素 ('xpath', '//div[@role="alert"]/p[@class="el-message__content"]') 可见，共耗时0s 
2019-10-26 20:26:46,199 - root - INFO - 用户列表页面_新增用户功能消息_查找元素失败 获取元素 ('xpath', '//div[@role="alert"]/p[@class="el-message__content"]')
2019-10-26 20:26:46,210 - root - INFO - 等待元素 ('xpath', '//div[@role="alert"]/p[@class="el-message__content"]') 可见，共耗时0s 
2019-10-26 20:26:46,210 - root - INFO - 查找元素 ('xpath', '//div[@role="alert"]/p[@class="el-message__content"]')
2019-10-26 20:26:46,222 - root - INFO - 等待元素 ('xpath', '//div[@role="alert"]/p[@class="el-message__content"]') 可见，共耗时0s 
2019-10-26 20:26:46,238 - root - INFO - 实际值：用户名不能为空
2019-10-26 20:26:46,249 - root - INFO - 等待元素 ('xpath', '//div[@role="alert"]/p[@class="el-message__content"]') 可见，共耗时0s 
2019-10-26 20:26:46,249 - root - INFO - 查找元素 ('xpath', '//div[@role="alert"]/p[@class="el-message__content"]')
2019-10-26 20:26:46,261 - root - INFO - 等待元素 ('xpath', '//div[@role="alert"]/p[@class="el-message__content"]') 可见，共耗时0s 
2019-10-26 20:26:46,269 - root - INFO - 用户列表页面_新增用户功能消息_查找元素失败 获取元素 ('xpath', '//div[@role="alert"]/p[@class="el-message__content"]')
2019-10-26 20:26:46,281 - root - INFO - 等待元素 ('xpath', '//div[@role="alert"]/p[@class="el-message__content"]') 可见，共耗时0s 
2019-10-26 20:26:46,281 - root - INFO - 查找元素 ('xpath', '//div[@role="alert"]/p[@class="el-message__content"]')
2019-10-26 20:26:46,292 - root - INFO - 等待元素 ('xpath', '//div[@role="alert"]/p[@class="el-message__content"]') 可见，共耗时0s 
2019-10-26 20:26:46,300 - root - INFO -  结束执行 test_add_passwordFormat_error 测试用例， 测试结果 --- PASS 
2019-10-26 20:26:46,620 - root - INFO - 截图成功，图片路径为: C:\Users\lucas\PycharmProjects\python_web_framework\OutPuts\image\新增用户功能-异常测试-用户名为空-正常截图_2019-10-26_20_26_46.png
2019-10-26 20:26:49,624 - root - INFO - ==========结束执行测试用例集===========
2019-10-26 20:26:51,679 - root - INFO - ==========结束 XX项目 测试===========
