2019-09-23 12:57:31,793 - root - INFO - ==========开始 XX项目 执行测试===========
2019-09-23 12:57:40,966 - root - INFO - ==========开始执行测试用例集===========
2019-09-23 12:57:40,966 - root - INFO - ----------------------------------------------------------------------------------<selenium.webdriver.chrome.webdriver.WebDriver (session="6868a749fc019443a61fc32a5cf04e7c")>
2019-09-23 12:57:42,152 - root - INFO -  执行 test_login_usernameFormat_error 测试用例 
2019-09-23 12:57:42,152 - root - INFO -  异常测试用例：登录功能-异常测试-用户名为空 
2019-09-23 12:57:42,152 - root - INFO - 查找元素 ('xpath', '//*[@id="app"]/div/form/div[1]/div/div/input')
2019-09-23 12:57:42,174 - root - INFO - 等待元素 ('xpath', '//*[@id="app"]/div/form/div[1]/div/div/input') 可见，共耗时0s 
2019-09-23 12:57:42,180 - root - INFO - 登录页面_登录功能_查找元素失败 输入元素 ('xpath', '//*[@id="app"]/div/form/div[1]/div/div/input')
2019-09-23 12:57:42,196 - root - INFO - 等待元素 ('xpath', '//*[@id="app"]/div/form/div[1]/div/div/input') 可见，共耗时0s 
2019-09-23 12:57:42,196 - root - INFO - 查找元素 ('xpath', '//*[@id="app"]/div/form/div[1]/div/div/input')
2019-09-23 12:57:42,210 - root - INFO - 等待元素 ('xpath', '//*[@id="app"]/div/form/div[1]/div/div/input') 可见，共耗时0s 
2019-09-23 12:57:42,242 - root - INFO - 查找元素 ('xpath', '//*[@id="app"]/div/form/div[2]/div/div/input')
2019-09-23 12:57:42,259 - root - INFO - 等待元素 ('xpath', '//*[@id="app"]/div/form/div[2]/div/div/input') 可见，共耗时0s 
2019-09-23 12:57:42,265 - root - INFO - 登录页面_登录功能_查找元素失败 输入元素 ('xpath', '//*[@id="app"]/div/form/div[2]/div/div/input')
2019-09-23 12:57:42,277 - root - INFO - 等待元素 ('xpath', '//*[@id="app"]/div/form/div[2]/div/div/input') 可见，共耗时0s 
2019-09-23 12:57:42,277 - root - INFO - 查找元素 ('xpath', '//*[@id="app"]/div/form/div[2]/div/div/input')
2019-09-23 12:57:42,288 - root - INFO - 等待元素 ('xpath', '//*[@id="app"]/div/form/div[2]/div/div/input') 可见，共耗时0s 
2019-09-23 12:57:42,338 - root - INFO - 查找元素 ('xpath', '//*[@type="button"]')
2019-09-23 12:57:42,354 - root - INFO - 等待元素 ('xpath', '//*[@type="button"]') 可见，共耗时0s 
2019-09-23 12:57:42,360 - root - INFO - 登录页面_登录功能_查找元素失败 点击元素 ('xpath', '//*[@type="button"]')
2019-09-23 12:57:42,374 - root - INFO - 等待元素 ('xpath', '//*[@type="button"]') 可见，共耗时0s 
2019-09-23 12:57:42,374 - root - INFO - 查找元素 ('xpath', '//*[@type="button"]')
2019-09-23 12:57:42,385 - root - INFO - 等待元素 ('xpath', '//*[@type="button"]') 可见，共耗时0s 
2019-09-23 12:57:42,435 - root - INFO - 期望值：参数错误
2019-09-23 12:57:42,435 - root - INFO - 查找元素 ('class name', 'el-message__content')
2019-09-23 12:57:42,967 - root - INFO - 等待元素 ('class name', 'el-message__content') 可见，共耗时0s 
2019-09-23 12:57:42,973 - root - INFO - 登录页面_登录功能错误信息_查找元素失败 获取元素 ('class name', 'el-message__content')
2019-09-23 12:57:42,984 - root - INFO - 等待元素 ('class name', 'el-message__content') 可见，共耗时0s 
2019-09-23 12:57:42,984 - root - INFO - 查找元素 ('class name', 'el-message__content')
2019-09-23 12:57:42,994 - root - INFO - 等待元素 ('class name', 'el-message__content') 可见，共耗时0s 
2019-09-23 12:57:43,008 - root - INFO - 实际值：参数错误
2019-09-23 12:57:43,008 - root - INFO - 查找元素 ('class name', 'el-message__content')
2019-09-23 12:57:43,020 - root - INFO - 等待元素 ('class name', 'el-message__content') 可见，共耗时0s 
2019-09-23 12:57:43,025 - root - INFO - 登录页面_登录功能错误信息_查找元素失败 获取元素 ('class name', 'el-message__content')
2019-09-23 12:57:43,037 - root - INFO - 等待元素 ('class name', 'el-message__content') 可见，共耗时0s 
2019-09-23 12:57:43,037 - root - INFO - 查找元素 ('class name', 'el-message__content')
2019-09-23 12:57:43,048 - root - INFO - 等待元素 ('class name', 'el-message__content') 可见，共耗时0s 
2019-09-23 12:57:43,059 - root - INFO -  结束执行 test_login_usernameFormat_error 测试用例， 测试结果 --- PASS 
2019-09-23 12:57:43,793 - root - INFO - 截图成功，图片路径为: C:\Users\lucas\PycharmProjects\python_web_framework\OutPuts\image\登录功能-异常测试-用户名为空-正常截图_2019-09-23_12_57_43.png
2019-09-23 12:57:47,164 - root - INFO -  执行 test_login_usernameFormat_error 测试用例 
2019-09-23 12:57:47,165 - root - INFO -  异常测试用例：登录功能-异常测试-用户名不存在 
2019-09-23 12:57:47,165 - root - INFO - 查找元素 ('xpath', '//*[@id="app"]/div/form/div[1]/div/div/input')
2019-09-23 12:57:47,180 - root - INFO - 等待元素 ('xpath', '//*[@id="app"]/div/form/div[1]/div/div/input') 可见，共耗时0s 
2019-09-23 12:57:47,185 - root - INFO - 登录页面_登录功能_查找元素失败 输入元素 ('xpath', '//*[@id="app"]/div/form/div[1]/div/div/input')
2019-09-23 12:57:47,197 - root - INFO - 等待元素 ('xpath', '//*[@id="app"]/div/form/div[1]/div/div/input') 可见，共耗时0s 
2019-09-23 12:57:47,198 - root - INFO - 查找元素 ('xpath', '//*[@id="app"]/div/form/div[1]/div/div/input')
2019-09-23 12:57:47,209 - root - INFO - 等待元素 ('xpath', '//*[@id="app"]/div/form/div[1]/div/div/input') 可见，共耗时0s 
2019-09-23 12:57:47,252 - root - INFO - 查找元素 ('xpath', '//*[@id="app"]/div/form/div[2]/div/div/input')
2019-09-23 12:57:47,265 - root - INFO - 等待元素 ('xpath', '//*[@id="app"]/div/form/div[2]/div/div/input') 可见，共耗时0s 
2019-09-23 12:57:47,270 - root - INFO - 登录页面_登录功能_查找元素失败 输入元素 ('xpath', '//*[@id="app"]/div/form/div[2]/div/div/input')
2019-09-23 12:57:47,282 - root - INFO - 等待元素 ('xpath', '//*[@id="app"]/div/form/div[2]/div/div/input') 可见，共耗时0s 
2019-09-23 12:57:47,283 - root - INFO - 查找元素 ('xpath', '//*[@id="app"]/div/form/div[2]/div/div/input')
2019-09-23 12:57:47,294 - root - INFO - 等待元素 ('xpath', '//*[@id="app"]/div/form/div[2]/div/div/input') 可见，共耗时0s 
2019-09-23 12:57:47,341 - root - INFO - 查找元素 ('xpath', '//*[@type="button"]')
2019-09-23 12:57:47,353 - root - INFO - 等待元素 ('xpath', '//*[@type="button"]') 可见，共耗时0s 
2019-09-23 12:57:47,359 - root - INFO - 登录页面_登录功能_查找元素失败 点击元素 ('xpath', '//*[@type="button"]')
2019-09-23 12:57:47,371 - root - INFO - 等待元素 ('xpath', '//*[@type="button"]') 可见，共耗时0s 
2019-09-23 12:57:47,371 - root - INFO - 查找元素 ('xpath', '//*[@type="button"]')
2019-09-23 12:57:47,383 - root - INFO - 等待元素 ('xpath', '//*[@type="button"]') 可见，共耗时0s 
2019-09-23 12:57:47,417 - root - INFO - 期望值：用户名不存在
2019-09-23 12:57:47,418 - root - INFO - 查找元素 ('class name', 'el-message__content')
2019-09-23 12:57:47,984 - root - INFO - 等待元素 ('class name', 'el-message__content') 可见，共耗时0s 
2019-09-23 12:57:47,989 - root - INFO - 登录页面_登录功能错误信息_查找元素失败 获取元素 ('class name', 'el-message__content')
2019-09-23 12:57:48,001 - root - INFO - 等待元素 ('class name', 'el-message__content') 可见，共耗时0s 
2019-09-23 12:57:48,001 - root - INFO - 查找元素 ('class name', 'el-message__content')
2019-09-23 12:57:48,012 - root - INFO - 等待元素 ('class name', 'el-message__content') 可见，共耗时0s 
2019-09-23 12:57:48,027 - root - INFO - 实际值：用户名不存在
2019-09-23 12:57:48,027 - root - INFO - 查找元素 ('class name', 'el-message__content')
2019-09-23 12:57:48,039 - root - INFO - 等待元素 ('class name', 'el-message__content') 可见，共耗时0s 
2019-09-23 12:57:48,044 - root - INFO - 登录页面_登录功能错误信息_查找元素失败 获取元素 ('class name', 'el-message__content')
2019-09-23 12:57:48,055 - root - INFO - 等待元素 ('class name', 'el-message__content') 可见，共耗时0s 
2019-09-23 12:57:48,056 - root - INFO - 查找元素 ('class name', 'el-message__content')
2019-09-23 12:57:48,067 - root - INFO - 等待元素 ('class name', 'el-message__content') 可见，共耗时0s 
2019-09-23 12:57:48,078 - root - INFO -  结束执行 test_login_usernameFormat_error 测试用例， 测试结果 --- PASS 
2019-09-23 12:57:48,787 - root - INFO - 截图成功，图片路径为: C:\Users\lucas\PycharmProjects\python_web_framework\OutPuts\image\登录功能-异常测试-用户名不存在-正常截图_2019-09-23_12_57_48.png
2019-09-23 12:57:52,114 - root - INFO -  执行 test_login_passwordFormat_error 测试用例 
2019-09-23 12:57:52,115 - root - INFO -  异常测试用例：登录功能-异常测试-密码为空 
2019-09-23 12:57:52,115 - root - INFO - 查找元素 ('xpath', '//*[@id="app"]/div/form/div[1]/div/div/input')
2019-09-23 12:57:52,131 - root - INFO - 等待元素 ('xpath', '//*[@id="app"]/div/form/div[1]/div/div/input') 可见，共耗时0s 
2019-09-23 12:57:52,137 - root - INFO - 登录页面_登录功能_查找元素失败 输入元素 ('xpath', '//*[@id="app"]/div/form/div[1]/div/div/input')
2019-09-23 12:57:52,148 - root - INFO - 等待元素 ('xpath', '//*[@id="app"]/div/form/div[1]/div/div/input') 可见，共耗时0s 
2019-09-23 12:57:52,148 - root - INFO - 查找元素 ('xpath', '//*[@id="app"]/div/form/div[1]/div/div/input')
2019-09-23 12:57:52,161 - root - INFO - 等待元素 ('xpath', '//*[@id="app"]/div/form/div[1]/div/div/input') 可见，共耗时0s 
2019-09-23 12:57:52,207 - root - INFO - 查找元素 ('xpath', '//*[@id="app"]/div/form/div[2]/div/div/input')
2019-09-23 12:57:52,220 - root - INFO - 等待元素 ('xpath', '//*[@id="app"]/div/form/div[2]/div/div/input') 可见，共耗时0s 
2019-09-23 12:57:52,226 - root - INFO - 登录页面_登录功能_查找元素失败 输入元素 ('xpath', '//*[@id="app"]/div/form/div[2]/div/div/input')
2019-09-23 12:57:52,238 - root - INFO - 等待元素 ('xpath', '//*[@id="app"]/div/form/div[2]/div/div/input') 可见，共耗时0s 
2019-09-23 12:57:52,238 - root - INFO - 查找元素 ('xpath', '//*[@id="app"]/div/form/div[2]/div/div/input')
2019-09-23 12:57:52,252 - root - INFO - 等待元素 ('xpath', '//*[@id="app"]/div/form/div[2]/div/div/input') 可见，共耗时0s 
2019-09-23 12:57:52,283 - root - INFO - 查找元素 ('xpath', '//*[@type="button"]')
2019-09-23 12:57:52,295 - root - INFO - 等待元素 ('xpath', '//*[@type="button"]') 可见，共耗时0s 
2019-09-23 12:57:52,300 - root - INFO - 登录页面_登录功能_查找元素失败 点击元素 ('xpath', '//*[@type="button"]')
2019-09-23 12:57:52,313 - root - INFO - 等待元素 ('xpath', '//*[@type="button"]') 可见，共耗时0s 
2019-09-23 12:57:52,313 - root - INFO - 查找元素 ('xpath', '//*[@type="button"]')
2019-09-23 12:57:52,324 - root - INFO - 等待元素 ('xpath', '//*[@type="button"]') 可见，共耗时0s 
2019-09-23 12:57:52,366 - root - INFO - 期望值：参数错误
2019-09-23 12:57:52,366 - root - INFO - 查找元素 ('class name', 'el-message__content')
2019-09-23 12:57:52,893 - root - INFO - 等待元素 ('class name', 'el-message__content') 可见，共耗时0s 
2019-09-23 12:57:52,898 - root - INFO - 登录页面_登录功能错误信息_查找元素失败 获取元素 ('class name', 'el-message__content')
2019-09-23 12:57:52,910 - root - INFO - 等待元素 ('class name', 'el-message__content') 可见，共耗时0s 
2019-09-23 12:57:52,910 - root - INFO - 查找元素 ('class name', 'el-message__content')
2019-09-23 12:57:52,921 - root - INFO - 等待元素 ('class name', 'el-message__content') 可见，共耗时0s 
2019-09-23 12:57:52,937 - root - INFO - 实际值：参数错误
2019-09-23 12:57:52,937 - root - INFO - 查找元素 ('class name', 'el-message__content')
2019-09-23 12:57:52,949 - root - INFO - 等待元素 ('class name', 'el-message__content') 可见，共耗时0s 
2019-09-23 12:57:52,954 - root - INFO - 登录页面_登录功能错误信息_查找元素失败 获取元素 ('class name', 'el-message__content')
2019-09-23 12:57:52,966 - root - INFO - 等待元素 ('class name', 'el-message__content') 可见，共耗时0s 
2019-09-23 12:57:52,966 - root - INFO - 查找元素 ('class name', 'el-message__content')
2019-09-23 12:57:52,978 - root - INFO - 等待元素 ('class name', 'el-message__content') 可见，共耗时0s 
2019-09-23 12:57:52,988 - root - INFO -  结束执行 test_login_passwordFormat_error 测试用例， 测试结果 --- PASS 
2019-09-23 12:57:53,702 - root - INFO - 截图成功，图片路径为: C:\Users\lucas\PycharmProjects\python_web_framework\OutPuts\image\登录功能-异常测试-密码为空-正常截图_2019-09-23_12_57_52.png
2019-09-23 12:57:56,823 - root - INFO -  执行 test_login_passwordFormat_error 测试用例 
2019-09-23 12:57:56,824 - root - INFO -  异常测试用例：登录功能-异常测试-密码错误 
2019-09-23 12:57:56,825 - root - INFO - 查找元素 ('xpath', '//*[@id="app"]/div/form/div[1]/div/div/input')
2019-09-23 12:57:56,848 - root - INFO - 等待元素 ('xpath', '//*[@id="app"]/div/form/div[1]/div/div/input') 可见，共耗时0s 
2019-09-23 12:57:56,853 - root - INFO - 登录页面_登录功能_查找元素失败 输入元素 ('xpath', '//*[@id="app"]/div/form/div[1]/div/div/input')
2019-09-23 12:57:56,865 - root - INFO - 等待元素 ('xpath', '//*[@id="app"]/div/form/div[1]/div/div/input') 可见，共耗时0s 
2019-09-23 12:57:56,866 - root - INFO - 查找元素 ('xpath', '//*[@id="app"]/div/form/div[1]/div/div/input')
2019-09-23 12:57:56,877 - root - INFO - 等待元素 ('xpath', '//*[@id="app"]/div/form/div[1]/div/div/input') 可见，共耗时0s 
2019-09-23 12:57:56,926 - root - INFO - 查找元素 ('xpath', '//*[@id="app"]/div/form/div[2]/div/div/input')
2019-09-23 12:57:56,938 - root - INFO - 等待元素 ('xpath', '//*[@id="app"]/div/form/div[2]/div/div/input') 可见，共耗时0s 
2019-09-23 12:57:56,944 - root - INFO - 登录页面_登录功能_查找元素失败 输入元素 ('xpath', '//*[@id="app"]/div/form/div[2]/div/div/input')
2019-09-23 12:57:56,956 - root - INFO - 等待元素 ('xpath', '//*[@id="app"]/div/form/div[2]/div/div/input') 可见，共耗时0s 
2019-09-23 12:57:56,956 - root - INFO - 查找元素 ('xpath', '//*[@id="app"]/div/form/div[2]/div/div/input')
2019-09-23 12:57:56,969 - root - INFO - 等待元素 ('xpath', '//*[@id="app"]/div/form/div[2]/div/div/input') 可见，共耗时0s 
2019-09-23 12:57:57,017 - root - INFO - 查找元素 ('xpath', '//*[@type="button"]')
2019-09-23 12:57:57,030 - root - INFO - 等待元素 ('xpath', '//*[@type="button"]') 可见，共耗时0s 
2019-09-23 12:57:57,036 - root - INFO - 登录页面_登录功能_查找元素失败 点击元素 ('xpath', '//*[@type="button"]')
2019-09-23 12:57:57,047 - root - INFO - 等待元素 ('xpath', '//*[@type="button"]') 可见，共耗时0s 
2019-09-23 12:57:57,047 - root - INFO - 查找元素 ('xpath', '//*[@type="button"]')
2019-09-23 12:57:57,059 - root - INFO - 等待元素 ('xpath', '//*[@type="button"]') 可见，共耗时0s 
2019-09-23 12:57:57,099 - root - INFO - 期望值：密码错误
2019-09-23 12:57:57,100 - root - INFO - 查找元素 ('class name', 'el-message__content')
2019-09-23 12:57:57,648 - root - INFO - 等待元素 ('class name', 'el-message__content') 可见，共耗时0s 
2019-09-23 12:57:57,657 - root - INFO - 登录页面_登录功能错误信息_查找元素失败 获取元素 ('class name', 'el-message__content')
2019-09-23 12:57:57,669 - root - INFO - 等待元素 ('class name', 'el-message__content') 可见，共耗时0s 
2019-09-23 12:57:57,669 - root - INFO - 查找元素 ('class name', 'el-message__content')
2019-09-23 12:57:57,681 - root - INFO - 等待元素 ('class name', 'el-message__content') 可见，共耗时0s 
2019-09-23 12:57:57,696 - root - INFO - 实际值：密码错误
2019-09-23 12:57:57,696 - root - INFO - 查找元素 ('class name', 'el-message__content')
2019-09-23 12:57:57,709 - root - INFO - 等待元素 ('class name', 'el-message__content') 可见，共耗时0s 
2019-09-23 12:57:57,714 - root - INFO - 登录页面_登录功能错误信息_查找元素失败 获取元素 ('class name', 'el-message__content')
2019-09-23 12:57:57,726 - root - INFO - 等待元素 ('class name', 'el-message__content') 可见，共耗时0s 
2019-09-23 12:57:57,726 - root - INFO - 查找元素 ('class name', 'el-message__content')
2019-09-23 12:57:57,739 - root - INFO - 等待元素 ('class name', 'el-message__content') 可见，共耗时0s 
2019-09-23 12:57:57,749 - root - INFO -  结束执行 test_login_passwordFormat_error 测试用例， 测试结果 --- PASS 
2019-09-23 12:57:58,483 - root - INFO - 截图成功，图片路径为: C:\Users\lucas\PycharmProjects\python_web_framework\OutPuts\image\登录功能-异常测试-密码错误-正常截图_2019-09-23_12_57_57.png
2019-09-23 12:58:01,609 - root - INFO -  执行 test_login_success 测试用例 
2019-09-23 12:58:01,609 - root - INFO -  正常登录测试用例 
2019-09-23 12:58:01,610 - root - INFO - 查找元素 ('xpath', '//*[@id="app"]/div/form/div[1]/div/div/input')
2019-09-23 12:58:01,624 - root - INFO - 等待元素 ('xpath', '//*[@id="app"]/div/form/div[1]/div/div/input') 可见，共耗时0s 
2019-09-23 12:58:01,629 - root - INFO - 登录页面_登录功能_查找元素失败 输入元素 ('xpath', '//*[@id="app"]/div/form/div[1]/div/div/input')
2019-09-23 12:58:01,641 - root - INFO - 等待元素 ('xpath', '//*[@id="app"]/div/form/div[1]/div/div/input') 可见，共耗时0s 
2019-09-23 12:58:01,641 - root - INFO - 查找元素 ('xpath', '//*[@id="app"]/div/form/div[1]/div/div/input')
2019-09-23 12:58:01,653 - root - INFO - 等待元素 ('xpath', '//*[@id="app"]/div/form/div[1]/div/div/input') 可见，共耗时0s 
2019-09-23 12:58:01,699 - root - INFO - 查找元素 ('xpath', '//*[@id="app"]/div/form/div[2]/div/div/input')
2019-09-23 12:58:01,710 - root - INFO - 等待元素 ('xpath', '//*[@id="app"]/div/form/div[2]/div/div/input') 可见，共耗时0s 
2019-09-23 12:58:01,716 - root - INFO - 登录页面_登录功能_查找元素失败 输入元素 ('xpath', '//*[@id="app"]/div/form/div[2]/div/div/input')
2019-09-23 12:58:01,727 - root - INFO - 等待元素 ('xpath', '//*[@id="app"]/div/form/div[2]/div/div/input') 可见，共耗时0s 
2019-09-23 12:58:01,727 - root - INFO - 查找元素 ('xpath', '//*[@id="app"]/div/form/div[2]/div/div/input')
2019-09-23 12:58:01,740 - root - INFO - 等待元素 ('xpath', '//*[@id="app"]/div/form/div[2]/div/div/input') 可见，共耗时0s 
2019-09-23 12:58:01,787 - root - INFO - 查找元素 ('xpath', '//*[@type="button"]')
2019-09-23 12:58:01,800 - root - INFO - 等待元素 ('xpath', '//*[@type="button"]') 可见，共耗时0s 
2019-09-23 12:58:01,805 - root - INFO - 登录页面_登录功能_查找元素失败 点击元素 ('xpath', '//*[@type="button"]')
2019-09-23 12:58:01,816 - root - INFO - 等待元素 ('xpath', '//*[@type="button"]') 可见，共耗时0s 
2019-09-23 12:58:01,817 - root - INFO - 查找元素 ('xpath', '//*[@type="button"]')
2019-09-23 12:58:01,829 - root - INFO - 等待元素 ('xpath', '//*[@type="button"]') 可见，共耗时0s 
2019-09-23 12:58:01,865 - root - INFO - 期望值：True
2019-09-23 12:58:02,387 - root - INFO - 实际值：True
2019-09-23 12:58:02,399 - root - INFO -  结束执行 test_login_success 测试用例， 测试结果 --- PASS 
2019-09-23 12:58:02,681 - root - INFO - 截图成功，图片路径为: C:\Users\lucas\PycharmProjects\python_web_framework\OutPuts\image\登录功能-正常测试-正常截图_2019-09-23_12_58_02.png
2019-09-23 12:58:05,796 - root - INFO - ==========结束执行测试用例集===========
2019-09-23 12:58:05,802 - root - INFO - ==========开始执行测试用例集===========
2019-09-23 12:58:05,802 - root - INFO - ----------------------------------------------------------------------------------<selenium.webdriver.chrome.webdriver.WebDriver (session="6868a749fc019443a61fc32a5cf04e7c")>
2019-09-23 12:58:05,825 - root - INFO - 查找元素 ('xpath', '//*[@id="app"]/div/form/div[1]/div/div/input')
2019-09-23 12:58:05,841 - root - INFO - 等待元素 ('xpath', '//*[@id="app"]/div/form/div[1]/div/div/input') 可见，共耗时0s 
2019-09-23 12:58:05,847 - root - INFO - 登录页面_登录功能_查找元素失败 输入元素 ('xpath', '//*[@id="app"]/div/form/div[1]/div/div/input')
2019-09-23 12:58:05,859 - root - INFO - 等待元素 ('xpath', '//*[@id="app"]/div/form/div[1]/div/div/input') 可见，共耗时0s 
2019-09-23 12:58:05,859 - root - INFO - 查找元素 ('xpath', '//*[@id="app"]/div/form/div[1]/div/div/input')
2019-09-23 12:58:05,871 - root - INFO - 等待元素 ('xpath', '//*[@id="app"]/div/form/div[1]/div/div/input') 可见，共耗时0s 
2019-09-23 12:58:05,915 - root - INFO - 查找元素 ('xpath', '//*[@id="app"]/div/form/div[2]/div/div/input')
2019-09-23 12:58:05,928 - root - INFO - 等待元素 ('xpath', '//*[@id="app"]/div/form/div[2]/div/div/input') 可见，共耗时0s 
2019-09-23 12:58:05,934 - root - INFO - 登录页面_登录功能_查找元素失败 输入元素 ('xpath', '//*[@id="app"]/div/form/div[2]/div/div/input')
2019-09-23 12:58:05,945 - root - INFO - 等待元素 ('xpath', '//*[@id="app"]/div/form/div[2]/div/div/input') 可见，共耗时0s 
2019-09-23 12:58:05,946 - root - INFO - 查找元素 ('xpath', '//*[@id="app"]/div/form/div[2]/div/div/input')
2019-09-23 12:58:05,958 - root - INFO - 等待元素 ('xpath', '//*[@id="app"]/div/form/div[2]/div/div/input') 可见，共耗时0s 
2019-09-23 12:58:06,005 - root - INFO - 查找元素 ('xpath', '//*[@type="button"]')
2019-09-23 12:58:06,017 - root - INFO - 等待元素 ('xpath', '//*[@type="button"]') 可见，共耗时0s 
2019-09-23 12:58:06,023 - root - INFO - 登录页面_登录功能_查找元素失败 点击元素 ('xpath', '//*[@type="button"]')
2019-09-23 12:58:06,035 - root - INFO - 等待元素 ('xpath', '//*[@type="button"]') 可见，共耗时0s 
2019-09-23 12:58:06,035 - root - INFO - 查找元素 ('xpath', '//*[@type="button"]')
2019-09-23 12:58:06,047 - root - INFO - 等待元素 ('xpath', '//*[@type="button"]') 可见，共耗时0s 
2019-09-23 12:58:08,179 - root - INFO -  执行 test_add_user 测试用例 
2019-09-23 12:58:08,180 - root - INFO - 正常新增用户测试用例
2019-09-23 12:58:08,180 - root - INFO - 查找元素 ('xpath', '//span[text()="添加按钮"]')
2019-09-23 12:58:08,222 - root - INFO - 等待元素 ('xpath', '//span[text()="添加按钮"]') 可见，共耗时0s 
2019-09-23 12:58:08,228 - root - INFO - 用户列表页面_新增用户功能_查找元素失败 点击元素 ('xpath', '//span[text()="添加按钮"]')
2019-09-23 12:58:08,241 - root - INFO - 等待元素 ('xpath', '//span[text()="添加按钮"]') 可见，共耗时0s 
2019-09-23 12:58:08,241 - root - INFO - 查找元素 ('xpath', '//span[text()="添加按钮"]')
2019-09-23 12:58:08,254 - root - INFO - 等待元素 ('xpath', '//span[text()="添加按钮"]') 可见，共耗时0s 
2019-09-23 12:58:08,331 - root - INFO - 查找元素 ('xpath', '//div[@aria-label="添加用户"]/div[@class="el-dialog__body"]/form/div[1]//input')
2019-09-23 12:58:08,862 - root - INFO - 等待元素 ('xpath', '//div[@aria-label="添加用户"]/div[@class="el-dialog__body"]/form/div[1]//input') 可见，共耗时0s 
2019-09-23 12:58:08,868 - root - INFO - 用户列表页面_新增用户功能_查找元素失败 输入元素 ('xpath', '//div[@aria-label="添加用户"]/div[@class="el-dialog__body"]/form/div[1]//input')
2019-09-23 12:58:08,881 - root - INFO - 等待元素 ('xpath', '//div[@aria-label="添加用户"]/div[@class="el-dialog__body"]/form/div[1]//input') 可见，共耗时0s 
2019-09-23 12:58:08,881 - root - INFO - 查找元素 ('xpath', '//div[@aria-label="添加用户"]/div[@class="el-dialog__body"]/form/div[1]//input')
2019-09-23 12:58:08,896 - root - INFO - 等待元素 ('xpath', '//div[@aria-label="添加用户"]/div[@class="el-dialog__body"]/form/div[1]//input') 可见，共耗时0s 
2019-09-23 12:58:08,972 - root - INFO - 查找元素 ('xpath', '//*[@id="app"]/section/section/main/div/div/div[5]/div/div[2]/form/div[2]/div/div/input')
2019-09-23 12:58:08,988 - root - INFO - 等待元素 ('xpath', '//*[@id="app"]/section/section/main/div/div/div[5]/div/div[2]/form/div[2]/div/div/input') 可见，共耗时0s 
2019-09-23 12:58:08,994 - root - INFO - 用户列表页面_新增用户功能_查找元素失败 输入元素 ('xpath', '//*[@id="app"]/section/section/main/div/div/div[5]/div/div[2]/form/div[2]/div/div/input')
2019-09-23 12:58:09,006 - root - INFO - 等待元素 ('xpath', '//*[@id="app"]/section/section/main/div/div/div[5]/div/div[2]/form/div[2]/div/div/input') 可见，共耗时0s 
2019-09-23 12:58:09,007 - root - INFO - 查找元素 ('xpath', '//*[@id="app"]/section/section/main/div/div/div[5]/div/div[2]/form/div[2]/div/div/input')
2019-09-23 12:58:09,019 - root - INFO - 等待元素 ('xpath', '//*[@id="app"]/section/section/main/div/div/div[5]/div/div[2]/form/div[2]/div/div/input') 可见，共耗时0s 
2019-09-23 12:58:09,089 - root - INFO - 查找元素 ('xpath', '//*[@id="app"]/section/section/main/div/div/div[5]/div/div[2]/form/div[3]/div/div/input')
2019-09-23 12:58:09,106 - root - INFO - 等待元素 ('xpath', '//*[@id="app"]/section/section/main/div/div/div[5]/div/div[2]/form/div[3]/div/div/input') 可见，共耗时0s 
2019-09-23 12:58:09,112 - root - INFO - 用户列表页面_新增用户功能_查找元素失败 输入元素 ('xpath', '//*[@id="app"]/section/section/main/div/div/div[5]/div/div[2]/form/div[3]/div/div/input')
2019-09-23 12:58:09,124 - root - INFO - 等待元素 ('xpath', '//*[@id="app"]/section/section/main/div/div/div[5]/div/div[2]/form/div[3]/div/div/input') 可见，共耗时0s 
2019-09-23 12:58:09,124 - root - INFO - 查找元素 ('xpath', '//*[@id="app"]/section/section/main/div/div/div[5]/div/div[2]/form/div[3]/div/div/input')
2019-09-23 12:58:09,137 - root - INFO - 等待元素 ('xpath', '//*[@id="app"]/section/section/main/div/div/div[5]/div/div[2]/form/div[3]/div/div/input') 可见，共耗时0s 
2019-09-23 12:58:09,227 - root - INFO - 查找元素 ('xpath', '//*[@id="app"]/section/section/main/div/div/div[5]/div/div[2]/form/div[4]/div/div/input')
2019-09-23 12:58:09,245 - root - INFO - 等待元素 ('xpath', '//*[@id="app"]/section/section/main/div/div/div[5]/div/div[2]/form/div[4]/div/div/input') 可见，共耗时0s 
2019-09-23 12:58:09,251 - root - INFO - 用户列表页面_新增用户功能_查找元素失败 输入元素 ('xpath', '//*[@id="app"]/section/section/main/div/div/div[5]/div/div[2]/form/div[4]/div/div/input')
2019-09-23 12:58:09,263 - root - INFO - 等待元素 ('xpath', '//*[@id="app"]/section/section/main/div/div/div[5]/div/div[2]/form/div[4]/div/div/input') 可见，共耗时0s 
2019-09-23 12:58:09,263 - root - INFO - 查找元素 ('xpath', '//*[@id="app"]/section/section/main/div/div/div[5]/div/div[2]/form/div[4]/div/div/input')
2019-09-23 12:58:09,275 - root - INFO - 等待元素 ('xpath', '//*[@id="app"]/section/section/main/div/div/div[5]/div/div[2]/form/div[4]/div/div/input') 可见，共耗时0s 
2019-09-23 12:58:09,360 - root - INFO - 查找元素 ('xpath', '//*[@id="app"]/section/section/main/div/div/div[5]/div/div[3]/div/button[2]')
2019-09-23 12:58:09,377 - root - INFO - 等待元素 ('xpath', '//*[@id="app"]/section/section/main/div/div/div[5]/div/div[3]/div/button[2]') 可见，共耗时0s 
2019-09-23 12:58:09,382 - root - INFO - 用户列表页面_新增用户功能_查找元素失败 点击元素 ('xpath', '//*[@id="app"]/section/section/main/div/div/div[5]/div/div[3]/div/button[2]')
2019-09-23 12:58:09,393 - root - INFO - 等待元素 ('xpath', '//*[@id="app"]/section/section/main/div/div/div[5]/div/div[3]/div/button[2]') 可见，共耗时0s 
2019-09-23 12:58:09,394 - root - INFO - 查找元素 ('xpath', '//*[@id="app"]/section/section/main/div/div/div[5]/div/div[3]/div/button[2]')
2019-09-23 12:58:09,406 - root - INFO - 等待元素 ('xpath', '//*[@id="app"]/section/section/main/div/div/div[5]/div/div[3]/div/button[2]') 可见，共耗时0s 
2019-09-23 12:58:09,450 - root - INFO - 期望值：创建成功
2019-09-23 12:58:09,984 - root - INFO - 等待元素 ('xpath', '//div[@role="alert"]/p[@class="el-message__content"]') 可见，共耗时0s 
2019-09-23 12:58:09,984 - root - INFO - 查找元素 ('xpath', '//div[@role="alert"]/p[@class="el-message__content"]')
2019-09-23 12:58:09,996 - root - INFO - 等待元素 ('xpath', '//div[@role="alert"]/p[@class="el-message__content"]') 可见，共耗时0s 
2019-09-23 12:58:10,001 - root - INFO - 用户列表页面_新增用户功能消息_查找元素失败 获取元素 ('xpath', '//div[@role="alert"]/p[@class="el-message__content"]')
2019-09-23 12:58:10,012 - root - INFO - 等待元素 ('xpath', '//div[@role="alert"]/p[@class="el-message__content"]') 可见，共耗时0s 
2019-09-23 12:58:10,013 - root - INFO - 查找元素 ('xpath', '//div[@role="alert"]/p[@class="el-message__content"]')
2019-09-23 12:58:10,024 - root - INFO - 等待元素 ('xpath', '//div[@role="alert"]/p[@class="el-message__content"]') 可见，共耗时0s 
2019-09-23 12:58:10,038 - root - INFO - 实际值：用户名已存在
2019-09-23 12:58:10,050 - root - INFO - 等待元素 ('xpath', '//div[@role="alert"]/p[@class="el-message__content"]') 可见，共耗时0s 
2019-09-23 12:58:10,051 - root - INFO - 查找元素 ('xpath', '//div[@role="alert"]/p[@class="el-message__content"]')
2019-09-23 12:58:10,062 - root - INFO - 等待元素 ('xpath', '//div[@role="alert"]/p[@class="el-message__content"]') 可见，共耗时0s 
2019-09-23 12:58:10,068 - root - INFO - 用户列表页面_新增用户功能消息_查找元素失败 获取元素 ('xpath', '//div[@role="alert"]/p[@class="el-message__content"]')
2019-09-23 12:58:10,079 - root - INFO - 等待元素 ('xpath', '//div[@role="alert"]/p[@class="el-message__content"]') 可见，共耗时0s 
2019-09-23 12:58:10,079 - root - INFO - 查找元素 ('xpath', '//div[@role="alert"]/p[@class="el-message__content"]')
2019-09-23 12:58:10,091 - root - INFO - 等待元素 ('xpath', '//div[@role="alert"]/p[@class="el-message__content"]') 可见，共耗时0s 
2019-09-23 12:58:10,102 - root - INFO -  结束执行 test_add_user 测试用例， 测试结果 --- False 
2019-09-23 12:58:10,405 - root - INFO - 截图成功，图片路径为: C:\Users\lucas\PycharmProjects\python_web_framework\OutPuts\image\新增用户功能-正常测试-异常截图_2019-09-23_12_58_10.png
2019-09-23 12:58:13,437 - root - INFO -  异常测试用例：新增用户功能-异常测试-用户已存在 
2019-09-23 12:58:13,437 - root - INFO - 查找元素 ('xpath', '//span[text()="添加按钮"]')
2019-09-23 12:58:13,450 - root - INFO - 等待元素 ('xpath', '//span[text()="添加按钮"]') 可见，共耗时0s 
2019-09-23 12:58:13,455 - root - INFO - 用户列表页面_新增用户功能_查找元素失败 点击元素 ('xpath', '//span[text()="添加按钮"]')
2019-09-23 12:58:13,467 - root - INFO - 等待元素 ('xpath', '//span[text()="添加按钮"]') 可见，共耗时0s 
2019-09-23 12:58:13,467 - root - INFO - 查找元素 ('xpath', '//span[text()="添加按钮"]')
2019-09-23 12:58:13,479 - root - INFO - 等待元素 ('xpath', '//span[text()="添加按钮"]') 可见，共耗时0s 
2019-09-23 12:58:13,508 - root - INFO - 查找元素 ('xpath', '//div[@aria-label="添加用户"]/div[@class="el-dialog__body"]/form/div[1]//input')
2019-09-23 12:58:14,066 - root - INFO - 等待元素 ('xpath', '//div[@aria-label="添加用户"]/div[@class="el-dialog__body"]/form/div[1]//input') 可见，共耗时0s 
2019-09-23 12:58:14,072 - root - INFO - 用户列表页面_新增用户功能_查找元素失败 输入元素 ('xpath', '//div[@aria-label="添加用户"]/div[@class="el-dialog__body"]/form/div[1]//input')
2019-09-23 12:58:14,084 - root - INFO - 等待元素 ('xpath', '//div[@aria-label="添加用户"]/div[@class="el-dialog__body"]/form/div[1]//input') 可见，共耗时0s 
2019-09-23 12:58:14,085 - root - INFO - 查找元素 ('xpath', '//div[@aria-label="添加用户"]/div[@class="el-dialog__body"]/form/div[1]//input')
2019-09-23 12:58:14,097 - root - INFO - 等待元素 ('xpath', '//div[@aria-label="添加用户"]/div[@class="el-dialog__body"]/form/div[1]//input') 可见，共耗时0s 
2019-09-23 12:58:14,142 - root - INFO - 查找元素 ('xpath', '//*[@id="app"]/section/section/main/div/div/div[5]/div/div[2]/form/div[2]/div/div/input')
2019-09-23 12:58:14,154 - root - INFO - 等待元素 ('xpath', '//*[@id="app"]/section/section/main/div/div/div[5]/div/div[2]/form/div[2]/div/div/input') 可见，共耗时0s 
2019-09-23 12:58:14,159 - root - INFO - 用户列表页面_新增用户功能_查找元素失败 输入元素 ('xpath', '//*[@id="app"]/section/section/main/div/div/div[5]/div/div[2]/form/div[2]/div/div/input')
2019-09-23 12:58:14,171 - root - INFO - 等待元素 ('xpath', '//*[@id="app"]/section/section/main/div/div/div[5]/div/div[2]/form/div[2]/div/div/input') 可见，共耗时0s 
2019-09-23 12:58:14,172 - root - INFO - 查找元素 ('xpath', '//*[@id="app"]/section/section/main/div/div/div[5]/div/div[2]/form/div[2]/div/div/input')
2019-09-23 12:58:14,183 - root - INFO - 等待元素 ('xpath', '//*[@id="app"]/section/section/main/div/div/div[5]/div/div[2]/form/div[2]/div/div/input') 可见，共耗时0s 
2019-09-23 12:58:14,237 - root - INFO - 查找元素 ('xpath', '//*[@id="app"]/section/section/main/div/div/div[5]/div/div[2]/form/div[3]/div/div/input')
2019-09-23 12:58:14,251 - root - INFO - 等待元素 ('xpath', '//*[@id="app"]/section/section/main/div/div/div[5]/div/div[2]/form/div[3]/div/div/input') 可见，共耗时0s 
2019-09-23 12:58:14,256 - root - INFO - 用户列表页面_新增用户功能_查找元素失败 输入元素 ('xpath', '//*[@id="app"]/section/section/main/div/div/div[5]/div/div[2]/form/div[3]/div/div/input')
2019-09-23 12:58:14,270 - root - INFO - 等待元素 ('xpath', '//*[@id="app"]/section/section/main/div/div/div[5]/div/div[2]/form/div[3]/div/div/input') 可见，共耗时0s 
2019-09-23 12:58:14,270 - root - INFO - 查找元素 ('xpath', '//*[@id="app"]/section/section/main/div/div/div[5]/div/div[2]/form/div[3]/div/div/input')
2019-09-23 12:58:14,283 - root - INFO - 等待元素 ('xpath', '//*[@id="app"]/section/section/main/div/div/div[5]/div/div[2]/form/div[3]/div/div/input') 可见，共耗时0s 
2019-09-23 12:58:14,351 - root - INFO - 查找元素 ('xpath', '//*[@id="app"]/section/section/main/div/div/div[5]/div/div[2]/form/div[4]/div/div/input')
2019-09-23 12:58:14,367 - root - INFO - 等待元素 ('xpath', '//*[@id="app"]/section/section/main/div/div/div[5]/div/div[2]/form/div[4]/div/div/input') 可见，共耗时0s 
2019-09-23 12:58:14,373 - root - INFO - 用户列表页面_新增用户功能_查找元素失败 输入元素 ('xpath', '//*[@id="app"]/section/section/main/div/div/div[5]/div/div[2]/form/div[4]/div/div/input')
2019-09-23 12:58:14,390 - root - INFO - 等待元素 ('xpath', '//*[@id="app"]/section/section/main/div/div/div[5]/div/div[2]/form/div[4]/div/div/input') 可见，共耗时0s 
2019-09-23 12:58:14,390 - root - INFO - 查找元素 ('xpath', '//*[@id="app"]/section/section/main/div/div/div[5]/div/div[2]/form/div[4]/div/div/input')
2019-09-23 12:58:14,402 - root - INFO - 等待元素 ('xpath', '//*[@id="app"]/section/section/main/div/div/div[5]/div/div[2]/form/div[4]/div/div/input') 可见，共耗时0s 
2019-09-23 12:58:14,481 - root - INFO - 查找元素 ('xpath', '//*[@id="app"]/section/section/main/div/div/div[5]/div/div[3]/div/button[2]')
2019-09-23 12:58:14,493 - root - INFO - 等待元素 ('xpath', '//*[@id="app"]/section/section/main/div/div/div[5]/div/div[3]/div/button[2]') 可见，共耗时0s 
2019-09-23 12:58:14,499 - root - INFO - 用户列表页面_新增用户功能_查找元素失败 点击元素 ('xpath', '//*[@id="app"]/section/section/main/div/div/div[5]/div/div[3]/div/button[2]')
2019-09-23 12:58:14,510 - root - INFO - 等待元素 ('xpath', '//*[@id="app"]/section/section/main/div/div/div[5]/div/div[3]/div/button[2]') 可见，共耗时0s 
2019-09-23 12:58:14,511 - root - INFO - 查找元素 ('xpath', '//*[@id="app"]/section/section/main/div/div/div[5]/div/div[3]/div/button[2]')
2019-09-23 12:58:14,523 - root - INFO - 等待元素 ('xpath', '//*[@id="app"]/section/section/main/div/div/div[5]/div/div[3]/div/button[2]') 可见，共耗时0s 
2019-09-23 12:58:14,549 - root - INFO - 期望值：用户名已存在
2019-09-23 12:58:15,077 - root - INFO - 等待元素 ('xpath', '//div[@role="alert"]/p[@class="el-message__content"]') 可见，共耗时0s 
2019-09-23 12:58:15,077 - root - INFO - 查找元素 ('xpath', '//div[@role="alert"]/p[@class="el-message__content"]')
2019-09-23 12:58:15,089 - root - INFO - 等待元素 ('xpath', '//div[@role="alert"]/p[@class="el-message__content"]') 可见，共耗时0s 
2019-09-23 12:58:15,095 - root - INFO - 用户列表页面_新增用户功能消息_查找元素失败 获取元素 ('xpath', '//div[@role="alert"]/p[@class="el-message__content"]')
2019-09-23 12:58:15,106 - root - INFO - 等待元素 ('xpath', '//div[@role="alert"]/p[@class="el-message__content"]') 可见，共耗时0s 
2019-09-23 12:58:15,107 - root - INFO - 查找元素 ('xpath', '//div[@role="alert"]/p[@class="el-message__content"]')
2019-09-23 12:58:15,117 - root - INFO - 等待元素 ('xpath', '//div[@role="alert"]/p[@class="el-message__content"]') 可见，共耗时0s 
2019-09-23 12:58:15,132 - root - INFO - 实际值：用户名已存在
2019-09-23 12:58:15,145 - root - INFO - 等待元素 ('xpath', '//div[@role="alert"]/p[@class="el-message__content"]') 可见，共耗时0s 
2019-09-23 12:58:15,145 - root - INFO - 查找元素 ('xpath', '//div[@role="alert"]/p[@class="el-message__content"]')
2019-09-23 12:58:15,156 - root - INFO - 等待元素 ('xpath', '//div[@role="alert"]/p[@class="el-message__content"]') 可见，共耗时0s 
2019-09-23 12:58:15,162 - root - INFO - 用户列表页面_新增用户功能消息_查找元素失败 获取元素 ('xpath', '//div[@role="alert"]/p[@class="el-message__content"]')
2019-09-23 12:58:15,173 - root - INFO - 等待元素 ('xpath', '//div[@role="alert"]/p[@class="el-message__content"]') 可见，共耗时0s 
2019-09-23 12:58:15,173 - root - INFO - 查找元素 ('xpath', '//div[@role="alert"]/p[@class="el-message__content"]')
2019-09-23 12:58:15,186 - root - INFO - 等待元素 ('xpath', '//div[@role="alert"]/p[@class="el-message__content"]') 可见，共耗时0s 
2019-09-23 12:58:15,195 - root - INFO -  结束执行 test_add_usernameFormat_error 测试用例， 测试结果 --- PASS 
2019-09-23 12:58:15,489 - root - INFO - 截图成功，图片路径为: C:\Users\lucas\PycharmProjects\python_web_framework\OutPuts\image\新增用户功能-异常测试-用户已存在-正常截图_2019-09-23_12_58_15.png
2019-09-23 12:58:18,493 - root - INFO -  异常测试用例：新增用户功能-异常测试-用户名为空 
2019-09-23 12:58:18,494 - root - INFO - 查找元素 ('xpath', '//span[text()="添加按钮"]')
2019-09-23 12:58:18,507 - root - INFO - 等待元素 ('xpath', '//span[text()="添加按钮"]') 可见，共耗时0s 
2019-09-23 12:58:18,512 - root - INFO - 用户列表页面_新增用户功能_查找元素失败 点击元素 ('xpath', '//span[text()="添加按钮"]')
2019-09-23 12:58:18,524 - root - INFO - 等待元素 ('xpath', '//span[text()="添加按钮"]') 可见，共耗时0s 
2019-09-23 12:58:18,524 - root - INFO - 查找元素 ('xpath', '//span[text()="添加按钮"]')
2019-09-23 12:58:18,535 - root - INFO - 等待元素 ('xpath', '//span[text()="添加按钮"]') 可见，共耗时0s 
2019-09-23 12:58:18,566 - root - INFO - 查找元素 ('xpath', '//div[@aria-label="添加用户"]/div[@class="el-dialog__body"]/form/div[1]//input')
2019-09-23 12:58:19,092 - root - INFO - 等待元素 ('xpath', '//div[@aria-label="添加用户"]/div[@class="el-dialog__body"]/form/div[1]//input') 可见，共耗时0s 
2019-09-23 12:58:19,098 - root - INFO - 用户列表页面_新增用户功能_查找元素失败 输入元素 ('xpath', '//div[@aria-label="添加用户"]/div[@class="el-dialog__body"]/form/div[1]//input')
2019-09-23 12:58:19,109 - root - INFO - 等待元素 ('xpath', '//div[@aria-label="添加用户"]/div[@class="el-dialog__body"]/form/div[1]//input') 可见，共耗时0s 
2019-09-23 12:58:19,110 - root - INFO - 查找元素 ('xpath', '//div[@aria-label="添加用户"]/div[@class="el-dialog__body"]/form/div[1]//input')
2019-09-23 12:58:19,123 - root - INFO - 等待元素 ('xpath', '//div[@aria-label="添加用户"]/div[@class="el-dialog__body"]/form/div[1]//input') 可见，共耗时0s 
2019-09-23 12:58:19,147 - root - INFO - 查找元素 ('xpath', '//*[@id="app"]/section/section/main/div/div/div[5]/div/div[2]/form/div[2]/div/div/input')
2019-09-23 12:58:19,158 - root - INFO - 等待元素 ('xpath', '//*[@id="app"]/section/section/main/div/div/div[5]/div/div[2]/form/div[2]/div/div/input') 可见，共耗时0s 
2019-09-23 12:58:19,164 - root - INFO - 用户列表页面_新增用户功能_查找元素失败 输入元素 ('xpath', '//*[@id="app"]/section/section/main/div/div/div[5]/div/div[2]/form/div[2]/div/div/input')
2019-09-23 12:58:19,176 - root - INFO - 等待元素 ('xpath', '//*[@id="app"]/section/section/main/div/div/div[5]/div/div[2]/form/div[2]/div/div/input') 可见，共耗时0s 
2019-09-23 12:58:19,177 - root - INFO - 查找元素 ('xpath', '//*[@id="app"]/section/section/main/div/div/div[5]/div/div[2]/form/div[2]/div/div/input')
2019-09-23 12:58:19,188 - root - INFO - 等待元素 ('xpath', '//*[@id="app"]/section/section/main/div/div/div[5]/div/div[2]/form/div[2]/div/div/input') 可见，共耗时0s 
2019-09-23 12:58:19,241 - root - INFO - 查找元素 ('xpath', '//*[@id="app"]/section/section/main/div/div/div[5]/div/div[2]/form/div[3]/div/div/input')
2019-09-23 12:58:19,253 - root - INFO - 等待元素 ('xpath', '//*[@id="app"]/section/section/main/div/div/div[5]/div/div[2]/form/div[3]/div/div/input') 可见，共耗时0s 
2019-09-23 12:58:19,258 - root - INFO - 用户列表页面_新增用户功能_查找元素失败 输入元素 ('xpath', '//*[@id="app"]/section/section/main/div/div/div[5]/div/div[2]/form/div[3]/div/div/input')
2019-09-23 12:58:19,271 - root - INFO - 等待元素 ('xpath', '//*[@id="app"]/section/section/main/div/div/div[5]/div/div[2]/form/div[3]/div/div/input') 可见，共耗时0s 
2019-09-23 12:58:19,271 - root - INFO - 查找元素 ('xpath', '//*[@id="app"]/section/section/main/div/div/div[5]/div/div[2]/form/div[3]/div/div/input')
2019-09-23 12:58:19,284 - root - INFO - 等待元素 ('xpath', '//*[@id="app"]/section/section/main/div/div/div[5]/div/div[2]/form/div[3]/div/div/input') 可见，共耗时0s 
2019-09-23 12:58:19,363 - root - INFO - 查找元素 ('xpath', '//*[@id="app"]/section/section/main/div/div/div[5]/div/div[2]/form/div[4]/div/div/input')
2019-09-23 12:58:19,375 - root - INFO - 等待元素 ('xpath', '//*[@id="app"]/section/section/main/div/div/div[5]/div/div[2]/form/div[4]/div/div/input') 可见，共耗时0s 
2019-09-23 12:58:19,381 - root - INFO - 用户列表页面_新增用户功能_查找元素失败 输入元素 ('xpath', '//*[@id="app"]/section/section/main/div/div/div[5]/div/div[2]/form/div[4]/div/div/input')
2019-09-23 12:58:19,391 - root - INFO - 等待元素 ('xpath', '//*[@id="app"]/section/section/main/div/div/div[5]/div/div[2]/form/div[4]/div/div/input') 可见，共耗时0s 
2019-09-23 12:58:19,392 - root - INFO - 查找元素 ('xpath', '//*[@id="app"]/section/section/main/div/div/div[5]/div/div[2]/form/div[4]/div/div/input')
2019-09-23 12:58:19,404 - root - INFO - 等待元素 ('xpath', '//*[@id="app"]/section/section/main/div/div/div[5]/div/div[2]/form/div[4]/div/div/input') 可见，共耗时0s 
2019-09-23 12:58:19,469 - root - INFO - 查找元素 ('xpath', '//*[@id="app"]/section/section/main/div/div/div[5]/div/div[3]/div/button[2]')
2019-09-23 12:58:19,479 - root - INFO - 等待元素 ('xpath', '//*[@id="app"]/section/section/main/div/div/div[5]/div/div[3]/div/button[2]') 可见，共耗时0s 
2019-09-23 12:58:19,484 - root - INFO - 用户列表页面_新增用户功能_查找元素失败 点击元素 ('xpath', '//*[@id="app"]/section/section/main/div/div/div[5]/div/div[3]/div/button[2]')
2019-09-23 12:58:19,496 - root - INFO - 等待元素 ('xpath', '//*[@id="app"]/section/section/main/div/div/div[5]/div/div[3]/div/button[2]') 可见，共耗时0s 
2019-09-23 12:58:19,496 - root - INFO - 查找元素 ('xpath', '//*[@id="app"]/section/section/main/div/div/div[5]/div/div[3]/div/button[2]')
2019-09-23 12:58:19,507 - root - INFO - 等待元素 ('xpath', '//*[@id="app"]/section/section/main/div/div/div[5]/div/div[3]/div/button[2]') 可见，共耗时0s 
2019-09-23 12:58:19,537 - root - INFO - 期望值：用户名不能为空
2019-09-23 12:58:20,071 - root - INFO - 等待元素 ('xpath', '//div[@role="alert"]/p[@class="el-message__content"]') 可见，共耗时0s 
2019-09-23 12:58:20,071 - root - INFO - 查找元素 ('xpath', '//div[@role="alert"]/p[@class="el-message__content"]')
2019-09-23 12:58:20,082 - root - INFO - 等待元素 ('xpath', '//div[@role="alert"]/p[@class="el-message__content"]') 可见，共耗时0s 
2019-09-23 12:58:20,088 - root - INFO - 用户列表页面_新增用户功能消息_查找元素失败 获取元素 ('xpath', '//div[@role="alert"]/p[@class="el-message__content"]')
2019-09-23 12:58:20,098 - root - INFO - 等待元素 ('xpath', '//div[@role="alert"]/p[@class="el-message__content"]') 可见，共耗时0s 
2019-09-23 12:58:20,098 - root - INFO - 查找元素 ('xpath', '//div[@role="alert"]/p[@class="el-message__content"]')
2019-09-23 12:58:20,110 - root - INFO - 等待元素 ('xpath', '//div[@role="alert"]/p[@class="el-message__content"]') 可见，共耗时0s 
2019-09-23 12:58:20,125 - root - INFO - 实际值：用户名不能为空
2019-09-23 12:58:20,136 - root - INFO - 等待元素 ('xpath', '//div[@role="alert"]/p[@class="el-message__content"]') 可见，共耗时0s 
2019-09-23 12:58:20,137 - root - INFO - 查找元素 ('xpath', '//div[@role="alert"]/p[@class="el-message__content"]')
2019-09-23 12:58:20,148 - root - INFO - 等待元素 ('xpath', '//div[@role="alert"]/p[@class="el-message__content"]') 可见，共耗时0s 
2019-09-23 12:58:20,153 - root - INFO - 用户列表页面_新增用户功能消息_查找元素失败 获取元素 ('xpath', '//div[@role="alert"]/p[@class="el-message__content"]')
2019-09-23 12:58:20,164 - root - INFO - 等待元素 ('xpath', '//div[@role="alert"]/p[@class="el-message__content"]') 可见，共耗时0s 
2019-09-23 12:58:20,164 - root - INFO - 查找元素 ('xpath', '//div[@role="alert"]/p[@class="el-message__content"]')
2019-09-23 12:58:20,176 - root - INFO - 等待元素 ('xpath', '//div[@role="alert"]/p[@class="el-message__content"]') 可见，共耗时0s 
2019-09-23 12:58:20,187 - root - INFO -  结束执行 test_add_usernameFormat_error 测试用例， 测试结果 --- PASS 
2019-09-23 12:58:20,474 - root - INFO - 截图成功，图片路径为: C:\Users\lucas\PycharmProjects\python_web_framework\OutPuts\image\新增用户功能-异常测试-用户名为空-正常截图_2019-09-23_12_58_20.png
2019-09-23 12:58:23,483 - root - INFO -  执行 test_add_passwordFormat_error 测试用例 
2019-09-23 12:58:23,483 - root - INFO -  异常测试用例：新增用户功能-异常测试-用户已存在 
2019-09-23 12:58:23,483 - root - INFO - 查找元素 ('xpath', '//span[text()="添加按钮"]')
2019-09-23 12:58:23,497 - root - INFO - 等待元素 ('xpath', '//span[text()="添加按钮"]') 可见，共耗时0s 
2019-09-23 12:58:23,502 - root - INFO - 用户列表页面_新增用户功能_查找元素失败 点击元素 ('xpath', '//span[text()="添加按钮"]')
2019-09-23 12:58:23,513 - root - INFO - 等待元素 ('xpath', '//span[text()="添加按钮"]') 可见，共耗时0s 
2019-09-23 12:58:23,513 - root - INFO - 查找元素 ('xpath', '//span[text()="添加按钮"]')
2019-09-23 12:58:23,526 - root - INFO - 等待元素 ('xpath', '//span[text()="添加按钮"]') 可见，共耗时0s 
2019-09-23 12:58:23,555 - root - INFO - 查找元素 ('xpath', '//div[@aria-label="添加用户"]/div[@class="el-dialog__body"]/form/div[1]//input')
2019-09-23 12:58:24,089 - root - INFO - 等待元素 ('xpath', '//div[@aria-label="添加用户"]/div[@class="el-dialog__body"]/form/div[1]//input') 可见，共耗时0s 
2019-09-23 12:58:24,094 - root - INFO - 用户列表页面_新增用户功能_查找元素失败 输入元素 ('xpath', '//div[@aria-label="添加用户"]/div[@class="el-dialog__body"]/form/div[1]//input')
2019-09-23 12:58:24,107 - root - INFO - 等待元素 ('xpath', '//div[@aria-label="添加用户"]/div[@class="el-dialog__body"]/form/div[1]//input') 可见，共耗时0s 
2019-09-23 12:58:24,107 - root - INFO - 查找元素 ('xpath', '//div[@aria-label="添加用户"]/div[@class="el-dialog__body"]/form/div[1]//input')
2019-09-23 12:58:24,119 - root - INFO - 等待元素 ('xpath', '//div[@aria-label="添加用户"]/div[@class="el-dialog__body"]/form/div[1]//input') 可见，共耗时0s 
2019-09-23 12:58:24,161 - root - INFO - 查找元素 ('xpath', '//*[@id="app"]/section/section/main/div/div/div[5]/div/div[2]/form/div[2]/div/div/input')
2019-09-23 12:58:24,174 - root - INFO - 等待元素 ('xpath', '//*[@id="app"]/section/section/main/div/div/div[5]/div/div[2]/form/div[2]/div/div/input') 可见，共耗时0s 
2019-09-23 12:58:24,179 - root - INFO - 用户列表页面_新增用户功能_查找元素失败 输入元素 ('xpath', '//*[@id="app"]/section/section/main/div/div/div[5]/div/div[2]/form/div[2]/div/div/input')
2019-09-23 12:58:24,191 - root - INFO - 等待元素 ('xpath', '//*[@id="app"]/section/section/main/div/div/div[5]/div/div[2]/form/div[2]/div/div/input') 可见，共耗时0s 
2019-09-23 12:58:24,191 - root - INFO - 查找元素 ('xpath', '//*[@id="app"]/section/section/main/div/div/div[5]/div/div[2]/form/div[2]/div/div/input')
2019-09-23 12:58:24,204 - root - INFO - 等待元素 ('xpath', '//*[@id="app"]/section/section/main/div/div/div[5]/div/div[2]/form/div[2]/div/div/input') 可见，共耗时0s 
2019-09-23 12:58:24,257 - root - INFO - 查找元素 ('xpath', '//*[@id="app"]/section/section/main/div/div/div[5]/div/div[2]/form/div[3]/div/div/input')
2019-09-23 12:58:24,270 - root - INFO - 等待元素 ('xpath', '//*[@id="app"]/section/section/main/div/div/div[5]/div/div[2]/form/div[3]/div/div/input') 可见，共耗时0s 
2019-09-23 12:58:24,276 - root - INFO - 用户列表页面_新增用户功能_查找元素失败 输入元素 ('xpath', '//*[@id="app"]/section/section/main/div/div/div[5]/div/div[2]/form/div[3]/div/div/input')
2019-09-23 12:58:24,287 - root - INFO - 等待元素 ('xpath', '//*[@id="app"]/section/section/main/div/div/div[5]/div/div[2]/form/div[3]/div/div/input') 可见，共耗时0s 
2019-09-23 12:58:24,288 - root - INFO - 查找元素 ('xpath', '//*[@id="app"]/section/section/main/div/div/div[5]/div/div[2]/form/div[3]/div/div/input')
2019-09-23 12:58:24,299 - root - INFO - 等待元素 ('xpath', '//*[@id="app"]/section/section/main/div/div/div[5]/div/div[2]/form/div[3]/div/div/input') 可见，共耗时0s 
2019-09-23 12:58:24,361 - root - INFO - 查找元素 ('xpath', '//*[@id="app"]/section/section/main/div/div/div[5]/div/div[2]/form/div[4]/div/div/input')
2019-09-23 12:58:24,372 - root - INFO - 等待元素 ('xpath', '//*[@id="app"]/section/section/main/div/div/div[5]/div/div[2]/form/div[4]/div/div/input') 可见，共耗时0s 
2019-09-23 12:58:24,378 - root - INFO - 用户列表页面_新增用户功能_查找元素失败 输入元素 ('xpath', '//*[@id="app"]/section/section/main/div/div/div[5]/div/div[2]/form/div[4]/div/div/input')
2019-09-23 12:58:24,390 - root - INFO - 等待元素 ('xpath', '//*[@id="app"]/section/section/main/div/div/div[5]/div/div[2]/form/div[4]/div/div/input') 可见，共耗时0s 
2019-09-23 12:58:24,390 - root - INFO - 查找元素 ('xpath', '//*[@id="app"]/section/section/main/div/div/div[5]/div/div[2]/form/div[4]/div/div/input')
2019-09-23 12:58:24,402 - root - INFO - 等待元素 ('xpath', '//*[@id="app"]/section/section/main/div/div/div[5]/div/div[2]/form/div[4]/div/div/input') 可见，共耗时0s 
2019-09-23 12:58:24,469 - root - INFO - 查找元素 ('xpath', '//*[@id="app"]/section/section/main/div/div/div[5]/div/div[3]/div/button[2]')
2019-09-23 12:58:24,479 - root - INFO - 等待元素 ('xpath', '//*[@id="app"]/section/section/main/div/div/div[5]/div/div[3]/div/button[2]') 可见，共耗时0s 
2019-09-23 12:58:24,484 - root - INFO - 用户列表页面_新增用户功能_查找元素失败 点击元素 ('xpath', '//*[@id="app"]/section/section/main/div/div/div[5]/div/div[3]/div/button[2]')
2019-09-23 12:58:24,496 - root - INFO - 等待元素 ('xpath', '//*[@id="app"]/section/section/main/div/div/div[5]/div/div[3]/div/button[2]') 可见，共耗时0s 
2019-09-23 12:58:24,496 - root - INFO - 查找元素 ('xpath', '//*[@id="app"]/section/section/main/div/div/div[5]/div/div[3]/div/button[2]')
2019-09-23 12:58:24,508 - root - INFO - 等待元素 ('xpath', '//*[@id="app"]/section/section/main/div/div/div[5]/div/div[3]/div/button[2]') 可见，共耗时0s 
2019-09-23 12:58:24,548 - root - INFO - 期望值：用户名已存在
2019-09-23 12:58:25,072 - root - INFO - 等待元素 ('xpath', '//div[@role="alert"]/p[@class="el-message__content"]') 可见，共耗时0s 
2019-09-23 12:58:25,072 - root - INFO - 查找元素 ('xpath', '//div[@role="alert"]/p[@class="el-message__content"]')
2019-09-23 12:58:25,085 - root - INFO - 等待元素 ('xpath', '//div[@role="alert"]/p[@class="el-message__content"]') 可见，共耗时0s 
2019-09-23 12:58:25,091 - root - INFO - 用户列表页面_新增用户功能消息_查找元素失败 获取元素 ('xpath', '//div[@role="alert"]/p[@class="el-message__content"]')
2019-09-23 12:58:25,102 - root - INFO - 等待元素 ('xpath', '//div[@role="alert"]/p[@class="el-message__content"]') 可见，共耗时0s 
2019-09-23 12:58:25,102 - root - INFO - 查找元素 ('xpath', '//div[@role="alert"]/p[@class="el-message__content"]')
2019-09-23 12:58:25,113 - root - INFO - 等待元素 ('xpath', '//div[@role="alert"]/p[@class="el-message__content"]') 可见，共耗时0s 
2019-09-23 12:58:25,128 - root - INFO - 实际值：用户名已存在
2019-09-23 12:58:25,139 - root - INFO - 等待元素 ('xpath', '//div[@role="alert"]/p[@class="el-message__content"]') 可见，共耗时0s 
2019-09-23 12:58:25,139 - root - INFO - 查找元素 ('xpath', '//div[@role="alert"]/p[@class="el-message__content"]')
2019-09-23 12:58:25,150 - root - INFO - 等待元素 ('xpath', '//div[@role="alert"]/p[@class="el-message__content"]') 可见，共耗时0s 
2019-09-23 12:58:25,155 - root - INFO - 用户列表页面_新增用户功能消息_查找元素失败 获取元素 ('xpath', '//div[@role="alert"]/p[@class="el-message__content"]')
2019-09-23 12:58:25,166 - root - INFO - 等待元素 ('xpath', '//div[@role="alert"]/p[@class="el-message__content"]') 可见，共耗时0s 
2019-09-23 12:58:25,167 - root - INFO - 查找元素 ('xpath', '//div[@role="alert"]/p[@class="el-message__content"]')
2019-09-23 12:58:25,178 - root - INFO - 等待元素 ('xpath', '//div[@role="alert"]/p[@class="el-message__content"]') 可见，共耗时0s 
2019-09-23 12:58:25,189 - root - INFO -  结束执行 test_add_passwordFormat_error 测试用例， 测试结果 --- PASS 
2019-09-23 12:58:25,469 - root - INFO - 截图成功，图片路径为: C:\Users\lucas\PycharmProjects\python_web_framework\OutPuts\image\新增用户功能-异常测试-用户已存在-正常截图_2019-09-23_12_58_25.png
2019-09-23 12:58:28,474 - root - INFO -  执行 test_add_passwordFormat_error 测试用例 
2019-09-23 12:58:28,475 - root - INFO -  异常测试用例：新增用户功能-异常测试-用户名为空 
2019-09-23 12:58:28,475 - root - INFO - 查找元素 ('xpath', '//span[text()="添加按钮"]')
2019-09-23 12:58:28,488 - root - INFO - 等待元素 ('xpath', '//span[text()="添加按钮"]') 可见，共耗时0s 
2019-09-23 12:58:28,494 - root - INFO - 用户列表页面_新增用户功能_查找元素失败 点击元素 ('xpath', '//span[text()="添加按钮"]')
2019-09-23 12:58:28,507 - root - INFO - 等待元素 ('xpath', '//span[text()="添加按钮"]') 可见，共耗时0s 
2019-09-23 12:58:28,507 - root - INFO - 查找元素 ('xpath', '//span[text()="添加按钮"]')
2019-09-23 12:58:28,519 - root - INFO - 等待元素 ('xpath', '//span[text()="添加按钮"]') 可见，共耗时0s 
2019-09-23 12:58:28,548 - root - INFO - 查找元素 ('xpath', '//div[@aria-label="添加用户"]/div[@class="el-dialog__body"]/form/div[1]//input')
2019-09-23 12:58:29,082 - root - INFO - 等待元素 ('xpath', '//div[@aria-label="添加用户"]/div[@class="el-dialog__body"]/form/div[1]//input') 可见，共耗时0s 
2019-09-23 12:58:29,088 - root - INFO - 用户列表页面_新增用户功能_查找元素失败 输入元素 ('xpath', '//div[@aria-label="添加用户"]/div[@class="el-dialog__body"]/form/div[1]//input')
2019-09-23 12:58:29,100 - root - INFO - 等待元素 ('xpath', '//div[@aria-label="添加用户"]/div[@class="el-dialog__body"]/form/div[1]//input') 可见，共耗时0s 
2019-09-23 12:58:29,100 - root - INFO - 查找元素 ('xpath', '//div[@aria-label="添加用户"]/div[@class="el-dialog__body"]/form/div[1]//input')
2019-09-23 12:58:29,112 - root - INFO - 等待元素 ('xpath', '//div[@aria-label="添加用户"]/div[@class="el-dialog__body"]/form/div[1]//input') 可见，共耗时0s 
2019-09-23 12:58:29,136 - root - INFO - 查找元素 ('xpath', '//*[@id="app"]/section/section/main/div/div/div[5]/div/div[2]/form/div[2]/div/div/input')
2019-09-23 12:58:29,148 - root - INFO - 等待元素 ('xpath', '//*[@id="app"]/section/section/main/div/div/div[5]/div/div[2]/form/div[2]/div/div/input') 可见，共耗时0s 
2019-09-23 12:58:29,153 - root - INFO - 用户列表页面_新增用户功能_查找元素失败 输入元素 ('xpath', '//*[@id="app"]/section/section/main/div/div/div[5]/div/div[2]/form/div[2]/div/div/input')
2019-09-23 12:58:29,164 - root - INFO - 等待元素 ('xpath', '//*[@id="app"]/section/section/main/div/div/div[5]/div/div[2]/form/div[2]/div/div/input') 可见，共耗时0s 
2019-09-23 12:58:29,164 - root - INFO - 查找元素 ('xpath', '//*[@id="app"]/section/section/main/div/div/div[5]/div/div[2]/form/div[2]/div/div/input')
2019-09-23 12:58:29,179 - root - INFO - 等待元素 ('xpath', '//*[@id="app"]/section/section/main/div/div/div[5]/div/div[2]/form/div[2]/div/div/input') 可见，共耗时0s 
2019-09-23 12:58:29,231 - root - INFO - 查找元素 ('xpath', '//*[@id="app"]/section/section/main/div/div/div[5]/div/div[2]/form/div[3]/div/div/input')
2019-09-23 12:58:29,243 - root - INFO - 等待元素 ('xpath', '//*[@id="app"]/section/section/main/div/div/div[5]/div/div[2]/form/div[3]/div/div/input') 可见，共耗时0s 
2019-09-23 12:58:29,249 - root - INFO - 用户列表页面_新增用户功能_查找元素失败 输入元素 ('xpath', '//*[@id="app"]/section/section/main/div/div/div[5]/div/div[2]/form/div[3]/div/div/input')
2019-09-23 12:58:29,261 - root - INFO - 等待元素 ('xpath', '//*[@id="app"]/section/section/main/div/div/div[5]/div/div[2]/form/div[3]/div/div/input') 可见，共耗时0s 
2019-09-23 12:58:29,262 - root - INFO - 查找元素 ('xpath', '//*[@id="app"]/section/section/main/div/div/div[5]/div/div[2]/form/div[3]/div/div/input')
2019-09-23 12:58:29,273 - root - INFO - 等待元素 ('xpath', '//*[@id="app"]/section/section/main/div/div/div[5]/div/div[2]/form/div[3]/div/div/input') 可见，共耗时0s 
2019-09-23 12:58:29,334 - root - INFO - 查找元素 ('xpath', '//*[@id="app"]/section/section/main/div/div/div[5]/div/div[2]/form/div[4]/div/div/input')
2019-09-23 12:58:29,346 - root - INFO - 等待元素 ('xpath', '//*[@id="app"]/section/section/main/div/div/div[5]/div/div[2]/form/div[4]/div/div/input') 可见，共耗时0s 
2019-09-23 12:58:29,351 - root - INFO - 用户列表页面_新增用户功能_查找元素失败 输入元素 ('xpath', '//*[@id="app"]/section/section/main/div/div/div[5]/div/div[2]/form/div[4]/div/div/input')
2019-09-23 12:58:29,363 - root - INFO - 等待元素 ('xpath', '//*[@id="app"]/section/section/main/div/div/div[5]/div/div[2]/form/div[4]/div/div/input') 可见，共耗时0s 
2019-09-23 12:58:29,364 - root - INFO - 查找元素 ('xpath', '//*[@id="app"]/section/section/main/div/div/div[5]/div/div[2]/form/div[4]/div/div/input')
2019-09-23 12:58:29,375 - root - INFO - 等待元素 ('xpath', '//*[@id="app"]/section/section/main/div/div/div[5]/div/div[2]/form/div[4]/div/div/input') 可见，共耗时0s 
2019-09-23 12:58:29,440 - root - INFO - 查找元素 ('xpath', '//*[@id="app"]/section/section/main/div/div/div[5]/div/div[3]/div/button[2]')
2019-09-23 12:58:29,453 - root - INFO - 等待元素 ('xpath', '//*[@id="app"]/section/section/main/div/div/div[5]/div/div[3]/div/button[2]') 可见，共耗时0s 
2019-09-23 12:58:29,459 - root - INFO - 用户列表页面_新增用户功能_查找元素失败 点击元素 ('xpath', '//*[@id="app"]/section/section/main/div/div/div[5]/div/div[3]/div/button[2]')
2019-09-23 12:58:29,471 - root - INFO - 等待元素 ('xpath', '//*[@id="app"]/section/section/main/div/div/div[5]/div/div[3]/div/button[2]') 可见，共耗时0s 
2019-09-23 12:58:29,471 - root - INFO - 查找元素 ('xpath', '//*[@id="app"]/section/section/main/div/div/div[5]/div/div[3]/div/button[2]')
2019-09-23 12:58:29,483 - root - INFO - 等待元素 ('xpath', '//*[@id="app"]/section/section/main/div/div/div[5]/div/div[3]/div/button[2]') 可见，共耗时0s 
2019-09-23 12:58:29,517 - root - INFO - 期望值：用户名不能为空
2019-09-23 12:58:30,046 - root - INFO - 等待元素 ('xpath', '//div[@role="alert"]/p[@class="el-message__content"]') 可见，共耗时0s 
2019-09-23 12:58:30,046 - root - INFO - 查找元素 ('xpath', '//div[@role="alert"]/p[@class="el-message__content"]')
2019-09-23 12:58:30,058 - root - INFO - 等待元素 ('xpath', '//div[@role="alert"]/p[@class="el-message__content"]') 可见，共耗时0s 
2019-09-23 12:58:30,063 - root - INFO - 用户列表页面_新增用户功能消息_查找元素失败 获取元素 ('xpath', '//div[@role="alert"]/p[@class="el-message__content"]')
2019-09-23 12:58:30,074 - root - INFO - 等待元素 ('xpath', '//div[@role="alert"]/p[@class="el-message__content"]') 可见，共耗时0s 
2019-09-23 12:58:30,074 - root - INFO - 查找元素 ('xpath', '//div[@role="alert"]/p[@class="el-message__content"]')
2019-09-23 12:58:30,086 - root - INFO - 等待元素 ('xpath', '//div[@role="alert"]/p[@class="el-message__content"]') 可见，共耗时0s 
2019-09-23 12:58:30,100 - root - INFO - 实际值：用户名不能为空
2019-09-23 12:58:30,111 - root - INFO - 等待元素 ('xpath', '//div[@role="alert"]/p[@class="el-message__content"]') 可见，共耗时0s 
2019-09-23 12:58:30,112 - root - INFO - 查找元素 ('xpath', '//div[@role="alert"]/p[@class="el-message__content"]')
2019-09-23 12:58:30,123 - root - INFO - 等待元素 ('xpath', '//div[@role="alert"]/p[@class="el-message__content"]') 可见，共耗时0s 
2019-09-23 12:58:30,128 - root - INFO - 用户列表页面_新增用户功能消息_查找元素失败 获取元素 ('xpath', '//div[@role="alert"]/p[@class="el-message__content"]')
2019-09-23 12:58:30,139 - root - INFO - 等待元素 ('xpath', '//div[@role="alert"]/p[@class="el-message__content"]') 可见，共耗时0s 
2019-09-23 12:58:30,139 - root - INFO - 查找元素 ('xpath', '//div[@role="alert"]/p[@class="el-message__content"]')
2019-09-23 12:58:30,152 - root - INFO - 等待元素 ('xpath', '//div[@role="alert"]/p[@class="el-message__content"]') 可见，共耗时0s 
2019-09-23 12:58:30,162 - root - INFO -  结束执行 test_add_passwordFormat_error 测试用例， 测试结果 --- PASS 
2019-09-23 12:58:30,457 - root - INFO - 截图成功，图片路径为: C:\Users\lucas\PycharmProjects\python_web_framework\OutPuts\image\新增用户功能-异常测试-用户名为空-正常截图_2019-09-23_12_58_30.png
2019-09-23 12:58:33,460 - root - INFO - ==========结束执行测试用例集===========
2019-09-23 12:58:35,513 - root - INFO - ==========结束 XX项目 测试===========
